#
# There is insufficient memory for the Java Runtime Environment to continue.
# Native memory allocation (malloc) failed to allocate 1178096 bytes for Chunk::new
# Possible reasons:
#   The system is out of physical RAM or swap space
#   The process is running with CompressedOops enabled, and the Java Heap may be blocking the growth of the native heap
# Possible solutions:
#   Reduce memory load on the system
#   Increase physical memory or swap space
#   Check if swap backing store is full
#   Decrease Java heap size (-Xmx/-Xms)
#   Decrease number of Java threads
#   Decrease Java thread stack sizes (-Xss)
#   Set larger code cache with -XX:ReservedCodeCacheSize=
#   JVM is running with Unscaled Compressed Oops mode in which the Java heap is
#     placed in the first 4GB address space. The Java Heap base address is the
#     maximum limit for the native heap growth. Please use -XX:HeapBaseMinAddress
#     to set the Java Heap base and to place the Java Heap above 4GB virtual address.
# This output file may be truncated or incomplete.
#
#  Out of Memory Error (./src/hotspot/share/memory/arena.cpp:197), pid=14260, tid=6340
#
# JRE version: OpenJDK Runtime Environment Corretto-11.0.16.8.1 (11.0.16+8) (build 11.0.16+8-LTS)
# Java VM: OpenJDK 64-Bit Server VM Corretto-11.0.16.8.1 (11.0.16+8-LTS, mixed mode, tiered, compressed oops, g1 gc, windows-amd64)
# No core dump will be written. Minidumps are not enabled by default on client versions of Windows
#

---------------  S U M M A R Y ------------

Command Line: --add-opens=java.base/java.util=ALL-UNNAMED --add-opens=java.base/java.lang=ALL-UNNAMED --add-opens=java.base/java.lang.invoke=ALL-UNNAMED --add-opens=java.base/java.util=ALL-UNNAMED --add-opens=java.prefs/java.util.prefs=ALL-UNNAMED --add-opens=java.prefs/java.util.prefs=ALL-UNNAMED --add-opens=java.base/java.nio.charset=ALL-UNNAMED --add-opens=java.base/java.net=ALL-UNNAMED --add-opens=java.base/java.util.concurrent.atomic=ALL-UNNAMED -XX:MaxMetaspaceSize=256m -XX:+HeapDumpOnOutOfMemoryError -Xms256m -Xmx512m -Dfile.encoding=windows-1252 -Duser.country=BR -Duser.language=pt -Duser.variant org.gradle.launcher.daemon.bootstrap.GradleDaemon 7.4.2

Host: Intel(R) Core(TM) i5-8250U CPU @ 1.60GHz, 8 cores, 7G,  Windows 11 , 64 bit Build 22000 (10.0.22000.708)
Time: Wed Aug  3 19:58:11 2022 Hora oficial do Brasil elapsed time: 49.191877 seconds (0d 0h 0m 49s)

---------------  T H R E A D  ---------------

Current thread (0x0000028b42feb000):  JavaThread "C2 CompilerThread1" daemon [_thread_in_native, id=6340, stack(0x000000aaec000000,0x000000aaec100000)]


Current CompileTask:
C2:  49191 7227       4       org.objectweb.asm.ClassReader::accept (1412 bytes)

Stack: [0x000000aaec000000,0x000000aaec100000]
Native frames: (J=compiled Java code, j=interpreted, Vv=VM code, C=native code)
V  [jvm.dll+0x61f28a]
V  [jvm.dll+0x7ac579]
V  [jvm.dll+0x7adc68]
V  [jvm.dll+0x7ae343]
V  [jvm.dll+0x24f968]
V  [jvm.dll+0xc262c]
V  [jvm.dll+0xc2bec]
V  [jvm.dll+0x359f17]
V  [jvm.dll+0x19e901]
V  [jvm.dll+0x208f12]
V  [jvm.dll+0x207f2d]
V  [jvm.dll+0x18a3b1]
V  [jvm.dll+0x217614]
V  [jvm.dll+0x21585b]
V  [jvm.dll+0x76efb0]
V  [jvm.dll+0x767ee4]
V  [jvm.dll+0x61e0f5]
C  [ucrtbase.dll+0x26c0c]
C  [KERNEL32.DLL+0x154e0]
C  [ntdll.dll+0x485b]


---------------  P R O C E S S  ---------------

Threads class SMR info:
_java_thread_list=0x0000028b423e9dd0, length=43, elements={
0x0000028b232e1000, 0x0000028b3eacd000, 0x0000028b3ead0000, 0x0000028b3eaea800,
0x0000028b3eaee000, 0x0000028b3f453000, 0x0000028b3f455000, 0x0000028b3f456000,
0x0000028b3f45a000, 0x0000028b3f5c9800, 0x0000028b3f76f000, 0x0000028b40c78000,
0x0000028b41520800, 0x0000028b41a42800, 0x0000028b41a43000, 0x0000028b42257800,
0x0000028b41eba800, 0x0000028b41493800, 0x0000028b40ca3800, 0x0000028b417c8000,
0x0000028b40fb4000, 0x0000028b40fb8000, 0x0000028b40fb9000, 0x0000028b40fb6800,
0x0000028b40fb7000, 0x0000028b40fb5800, 0x0000028b40fb9800, 0x0000028b40fba800,
0x0000028b40fb4800, 0x0000028b3f96a800, 0x0000028b3f96b800, 0x0000028b3f969000,
0x0000028b3f96c800, 0x0000028b3f96a000, 0x0000028b3f968800, 0x0000028b3f973000,
0x0000028b3f971800, 0x0000028b3f970800, 0x0000028b3f96e000, 0x0000028b3f973800,
0x0000028b42feb000, 0x0000028b41fd2800, 0x0000028b3f974800
}

Java Threads: ( => current thread )
  0x0000028b232e1000 JavaThread "main" [_thread_blocked, id=9168, stack(0x000000aae8b00000,0x000000aae8c00000)]
  0x0000028b3eacd000 JavaThread "Reference Handler" daemon [_thread_blocked, id=12980, stack(0x000000aae9200000,0x000000aae9300000)]
  0x0000028b3ead0000 JavaThread "Finalizer" daemon [_thread_blocked, id=1296, stack(0x000000aae9300000,0x000000aae9400000)]
  0x0000028b3eaea800 JavaThread "Signal Dispatcher" daemon [_thread_blocked, id=11948, stack(0x000000aae9400000,0x000000aae9500000)]
  0x0000028b3eaee000 JavaThread "Attach Listener" daemon [_thread_blocked, id=9884, stack(0x000000aae9500000,0x000000aae9600000)]
  0x0000028b3f453000 JavaThread "Service Thread" daemon [_thread_blocked, id=1620, stack(0x000000aae9600000,0x000000aae9700000)]
  0x0000028b3f455000 JavaThread "C2 CompilerThread0" daemon [_thread_blocked, id=14040, stack(0x000000aae9700000,0x000000aae9800000)]
  0x0000028b3f456000 JavaThread "C1 CompilerThread0" daemon [_thread_blocked, id=8872, stack(0x000000aae9800000,0x000000aae9900000)]
  0x0000028b3f45a000 JavaThread "Sweeper thread" daemon [_thread_blocked, id=2200, stack(0x000000aae9900000,0x000000aae9a00000)]
  0x0000028b3f5c9800 JavaThread "Common-Cleaner" daemon [_thread_blocked, id=17020, stack(0x000000aae9a00000,0x000000aae9b00000)]
  0x0000028b3f76f000 JavaThread "Daemon health stats" [_thread_blocked, id=1920, stack(0x000000aae9c00000,0x000000aae9d00000)]
  0x0000028b40c78000 JavaThread "Incoming local TCP Connector on port 50986" [_thread_in_native, id=15056, stack(0x000000aaea200000,0x000000aaea300000)]
  0x0000028b41520800 JavaThread "Daemon periodic checks" [_thread_blocked, id=1816, stack(0x000000aaea300000,0x000000aaea400000)]
  0x0000028b41a42800 JavaThread "Daemon" [_thread_blocked, id=8980, stack(0x000000aaea400000,0x000000aaea500000)]
  0x0000028b41a43000 JavaThread "Handler for socket connection from /127.0.0.1:50986 to /127.0.0.1:50987" [_thread_in_native, id=7660, stack(0x000000aaea500000,0x000000aaea600000)]
  0x0000028b42257800 JavaThread "Cancel handler" [_thread_blocked, id=13016, stack(0x000000aaea600000,0x000000aaea700000)]
  0x0000028b41eba800 JavaThread "Daemon worker" [_thread_in_native, id=4588, stack(0x000000aaea700000,0x000000aaea800000)]
  0x0000028b41493800 JavaThread "Asynchronous log dispatcher for DefaultDaemonConnection: socket connection from /127.0.0.1:50986 to /127.0.0.1:50987" [_thread_blocked, id=11852, stack(0x000000aaea800000,0x000000aaea900000)]
  0x0000028b40ca3800 JavaThread "Stdin handler" [_thread_blocked, id=16308, stack(0x000000aaea900000,0x000000aaeaa00000)]
  0x0000028b417c8000 JavaThread "Daemon client event forwarder" [_thread_blocked, id=13836, stack(0x000000aaeaa00000,0x000000aaeab00000)]
  0x0000028b40fb4000 JavaThread "Cache worker for journal cache (C:\Users\sntsb\.gradle\caches\journal-1)" [_thread_blocked, id=12588, stack(0x000000aaeab00000,0x000000aaeac00000)]
  0x0000028b40fb8000 JavaThread "File lock request listener" [_thread_in_native, id=10112, stack(0x000000aaeac00000,0x000000aaead00000)]
  0x0000028b40fb9000 JavaThread "Cache worker for file hash cache (C:\Users\sntsb\.gradle\caches\7.4.2\fileHashes)" [_thread_blocked, id=7268, stack(0x000000aaeb000000,0x000000aaeb100000)]
  0x0000028b40fb6800 JavaThread "File watcher server" daemon [_thread_in_native, id=7172, stack(0x000000aaeb100000,0x000000aaeb200000)]
  0x0000028b40fb7000 JavaThread "File watcher consumer" daemon [_thread_blocked, id=1588, stack(0x000000aaeb200000,0x000000aaeb300000)]
  0x0000028b40fb5800 JavaThread "jar transforms" [_thread_blocked, id=14632, stack(0x000000aaeb300000,0x000000aaeb400000)]
  0x0000028b40fb9800 JavaThread "jar transforms Thread 2" [_thread_blocked, id=3396, stack(0x000000aaeb400000,0x000000aaeb500000)]
  0x0000028b40fba800 JavaThread "jar transforms Thread 3" [_thread_blocked, id=13120, stack(0x000000aaeb500000,0x000000aaeb600000)]
  0x0000028b40fb4800 JavaThread "jar transforms Thread 4" [_thread_blocked, id=6212, stack(0x000000aaeb600000,0x000000aaeb700000)]
  0x0000028b3f96a800 JavaThread "jar transforms Thread 5" [_thread_blocked, id=15728, stack(0x000000aaeb700000,0x000000aaeb800000)]
  0x0000028b3f96b800 JavaThread "jar transforms Thread 6" [_thread_blocked, id=10344, stack(0x000000aaeb800000,0x000000aaeb900000)]
  0x0000028b3f969000 JavaThread "jar transforms Thread 7" [_thread_blocked, id=11480, stack(0x000000aaeb900000,0x000000aaeba00000)]
  0x0000028b3f96c800 JavaThread "jar transforms Thread 8" [_thread_blocked, id=3488, stack(0x000000aaeba00000,0x000000aaebb00000)]
  0x0000028b3f96a000 JavaThread "Cache worker for checksums cache (D:\sntsb\Documents\Trabalho_Bd_DataSus\project-bd\.gradle\7.4.2\checksums)" [_thread_blocked, id=14216, stack(0x000000aaebc00000,0x000000aaebd00000)]
  0x0000028b3f968800 JavaThread "Cache worker for cache directory md-rule (C:\Users\sntsb\.gradle\caches\7.4.2\md-rule)" [_thread_blocked, id=5168, stack(0x000000aaebd00000,0x000000aaebe00000)]
  0x0000028b3f973000 JavaThread "Cache worker for file hash cache (D:\sntsb\Documents\Trabalho_Bd_DataSus\project-bd\.gradle\7.4.2\fileHashes)" [_thread_blocked, id=8988, stack(0x000000aaebe00000,0x000000aaebf00000)]
  0x0000028b3f971800 JavaThread "Cache worker for cache directory md-supplier (C:\Users\sntsb\.gradle\caches\7.4.2\md-supplier)" [_thread_blocked, id=2628, stack(0x000000aaebf00000,0x000000aaec000000)]
  0x0000028b3f970800 JavaThread "Cache worker for execution history cache (C:\Users\sntsb\.gradle\caches\7.4.2\executionHistory)" [_thread_blocked, id=4352, stack(0x000000aaebb00000,0x000000aaebc00000)]
  0x0000028b3f96e000 JavaThread "Cache worker for file content cache (C:\Users\sntsb\.gradle\caches\7.4.2\fileContent)" [_thread_blocked, id=9132, stack(0x000000aaec200000,0x000000aaec300000)]
  0x0000028b3f973800 JavaThread "Cache worker for dependencies-accessors (D:\sntsb\Documents\Trabalho_Bd_DataSus\project-bd\.gradle\7.4.2\dependencies-accessors)" [_thread_blocked, id=7396, stack(0x000000aaec500000,0x000000aaec600000)]
=>0x0000028b42feb000 JavaThread "C2 CompilerThread1" daemon [_thread_in_native, id=6340, stack(0x000000aaec000000,0x000000aaec100000)]
  0x0000028b41fd2800 JavaThread "C2 CompilerThread2" daemon [_thread_blocked, id=9384, stack(0x000000aaec100000,0x000000aaec200000)]
  0x0000028b3f974800 JavaThread "Cache worker for Build Output Cleanup Cache (D:\sntsb\Documents\Trabalho_Bd_DataSus\project-bd\.gradle\buildOutputCleanup)" [_thread_blocked, id=12220, stack(0x000000aaec600000,0x000000aaec700000)]

Other Threads:
  0x0000028b3eaa8800 VMThread "VM Thread" [stack: 0x000000aae9100000,0x000000aae9200000] [id=9400]
  0x0000028b3f5cc800 WatcherThread [stack: 0x000000aae9b00000,0x000000aae9c00000] [id=3704]
  0x0000028b232fa800 GCTaskThread "GC Thread#0" [stack: 0x000000aae8c00000,0x000000aae8d00000] [id=880]
  0x0000028b3fb7d800 GCTaskThread "GC Thread#1" [stack: 0x000000aae9d00000,0x000000aae9e00000] [id=14056]
  0x0000028b40103800 GCTaskThread "GC Thread#2" [stack: 0x000000aae9e00000,0x000000aae9f00000] [id=14264]
  0x0000028b400fe800 GCTaskThread "GC Thread#3" [stack: 0x000000aae9f00000,0x000000aaea000000] [id=15016]
  0x0000028b3ff2d800 GCTaskThread "GC Thread#4" [stack: 0x000000aaea000000,0x000000aaea100000] [id=3736]
  0x0000028b400de800 GCTaskThread "GC Thread#5" [stack: 0x000000aaea100000,0x000000aaea200000] [id=10084]
  0x0000028b4229a800 GCTaskThread "GC Thread#6" [stack: 0x000000aaead00000,0x000000aaeae00000] [id=16056]
  0x0000028b41b53000 GCTaskThread "GC Thread#7" [stack: 0x000000aaeae00000,0x000000aaeaf00000] [id=17084]
  0x0000028b2330d800 ConcurrentGCThread "G1 Main Marker" [stack: 0x000000aae8d00000,0x000000aae8e00000] [id=7180]
  0x0000028b2330e800 ConcurrentGCThread "G1 Conc#0" [stack: 0x000000aae8e00000,0x000000aae8f00000] [id=9456]
  0x0000028b41966000 ConcurrentGCThread "G1 Conc#1" [stack: 0x000000aaeaf00000,0x000000aaeb000000] [id=17104]
  0x0000028b233be000 ConcurrentGCThread "G1 Refine#0" [stack: 0x000000aae8f00000,0x000000aae9000000] [id=14132]
  0x0000028b3e940800 ConcurrentGCThread "G1 Young RemSet Sampling" [stack: 0x000000aae9000000,0x000000aae9100000] [id=9036]

Threads with active compile tasks:
C2 CompilerThread1    49246 7227       4       org.objectweb.asm.ClassReader::accept (1412 bytes)

VM state:not at safepoint (normal execution)

VM Mutex/Monitor currently owned by a thread: None

Heap address: 0x00000000e0000000, size: 512 MB, Compressed Oops mode: 32-bit
Narrow klass base: 0x0000000000000000, Narrow klass shift: 3
Compressed class space size: 260046848 Address: 0x0000000100000000

Heap:
 garbage-first heap   total 262144K, used 194487K [0x00000000e0000000, 0x0000000100000000)
  region size 1024K, 88 young (90112K), 8 survivors (8192K)
 Metaspace       used 60555K, capacity 62236K, committed 62456K, reserved 309248K
  class space    used 7285K, capacity 7834K, committed 7936K, reserved 253952K
Heap Regions: E=young(eden), S=young(survivor), O=old, HS=humongous(starts), HC=humongous(continues), CS=collection set, F=free, A=archive, TAMS=top-at-mark-start (previous, next)
|   0|0x00000000e0000000, 0x00000000e0100000, 0x00000000e0100000|100%| O|  |TAMS 0x00000000e0100000, 0x00000000e0000000| Untracked 
|   1|0x00000000e0100000, 0x00000000e0200000, 0x00000000e0200000|100%| O|  |TAMS 0x00000000e0200000, 0x00000000e0100000| Untracked 
|   2|0x00000000e0200000, 0x00000000e0300000, 0x00000000e0300000|100%| O|  |TAMS 0x00000000e0300000, 0x00000000e0200000| Untracked 
|   3|0x00000000e0300000, 0x00000000e0400000, 0x00000000e0400000|100%|HS|  |TAMS 0x00000000e0400000, 0x00000000e0300000| Complete 
|   4|0x00000000e0400000, 0x00000000e0500000, 0x00000000e0500000|100%|HC|  |TAMS 0x00000000e0500000, 0x00000000e0400000| Complete 
|   5|0x00000000e0500000, 0x00000000e0600000, 0x00000000e0600000|100%|HC|  |TAMS 0x00000000e0600000, 0x00000000e0500000| Complete 
|   6|0x00000000e0600000, 0x00000000e0700000, 0x00000000e0700000|100%| O|  |TAMS 0x00000000e0700000, 0x00000000e0600000| Untracked 
|   7|0x00000000e0700000, 0x00000000e0800000, 0x00000000e0800000|100%| O|  |TAMS 0x00000000e0800000, 0x00000000e0700000| Complete 
|   8|0x00000000e0800000, 0x00000000e0900000, 0x00000000e0900000|100%| O|  |TAMS 0x00000000e0900000, 0x00000000e0800000| Untracked 
|   9|0x00000000e0900000, 0x00000000e0a00000, 0x00000000e0a00000|100%| O|  |TAMS 0x00000000e0a00000, 0x00000000e0900000| Untracked 
|  10|0x00000000e0a00000, 0x00000000e0b00000, 0x00000000e0b00000|100%| O|  |TAMS 0x00000000e0b00000, 0x00000000e0a00000| Untracked 
|  11|0x00000000e0b00000, 0x00000000e0c00000, 0x00000000e0c00000|100%| O|  |TAMS 0x00000000e0c00000, 0x00000000e0b00000| Untracked 
|  12|0x00000000e0c00000, 0x00000000e0d00000, 0x00000000e0d00000|100%| O|  |TAMS 0x00000000e0d00000, 0x00000000e0c00000| Untracked 
|  13|0x00000000e0d00000, 0x00000000e0e00000, 0x00000000e0e00000|100%| O|  |TAMS 0x00000000e0e00000, 0x00000000e0d00000| Untracked 
|  14|0x00000000e0e00000, 0x00000000e0f00000, 0x00000000e0f00000|100%| O|  |TAMS 0x00000000e0f00000, 0x00000000e0e00000| Untracked 
|  15|0x00000000e0f00000, 0x00000000e1000000, 0x00000000e1000000|100%| O|  |TAMS 0x00000000e1000000, 0x00000000e0f00000| Untracked 
|  16|0x00000000e1000000, 0x00000000e1100000, 0x00000000e1100000|100%| O|  |TAMS 0x00000000e1100000, 0x00000000e1000000| Complete 
|  17|0x00000000e1100000, 0x00000000e1200000, 0x00000000e1200000|100%|HS|  |TAMS 0x00000000e1200000, 0x00000000e1100000| Complete 
|  18|0x00000000e1200000, 0x00000000e1300000, 0x00000000e1300000|100%|HC|  |TAMS 0x00000000e1300000, 0x00000000e1200000| Complete 
|  19|0x00000000e1300000, 0x00000000e1400000, 0x00000000e1400000|100%|HS|  |TAMS 0x00000000e1400000, 0x00000000e1300000| Complete 
|  20|0x00000000e1400000, 0x00000000e1500000, 0x00000000e1500000|100%|HC|  |TAMS 0x00000000e1500000, 0x00000000e1400000| Complete 
|  21|0x00000000e1500000, 0x00000000e1600000, 0x00000000e1600000|100%|HC|  |TAMS 0x00000000e1600000, 0x00000000e1500000| Complete 
|  22|0x00000000e1600000, 0x00000000e1700000, 0x00000000e1700000|100%|HS|  |TAMS 0x00000000e1700000, 0x00000000e1600000| Complete 
|  23|0x00000000e1700000, 0x00000000e1800000, 0x00000000e1800000|100%|HC|  |TAMS 0x00000000e1800000, 0x00000000e1700000| Complete 
|  24|0x00000000e1800000, 0x00000000e1900000, 0x00000000e1900000|100%|HS|  |TAMS 0x00000000e1900000, 0x00000000e1800000| Complete 
|  25|0x00000000e1900000, 0x00000000e1a00000, 0x00000000e1a00000|100%|HC|  |TAMS 0x00000000e1a00000, 0x00000000e1900000| Complete 
|  26|0x00000000e1a00000, 0x00000000e1b00000, 0x00000000e1b00000|100%|HC|  |TAMS 0x00000000e1b00000, 0x00000000e1a00000| Complete 
|  27|0x00000000e1b00000, 0x00000000e1c00000, 0x00000000e1c00000|100%|HS|  |TAMS 0x00000000e1c00000, 0x00000000e1b00000| Complete 
|  28|0x00000000e1c00000, 0x00000000e1d00000, 0x00000000e1d00000|100%|HC|  |TAMS 0x00000000e1d00000, 0x00000000e1c00000| Complete 
|  29|0x00000000e1d00000, 0x00000000e1e00000, 0x00000000e1e00000|100%|HS|  |TAMS 0x00000000e1e00000, 0x00000000e1d00000| Complete 
|  30|0x00000000e1e00000, 0x00000000e1f00000, 0x00000000e1f00000|100%|HC|  |TAMS 0x00000000e1f00000, 0x00000000e1e00000| Complete 
|  31|0x00000000e1f00000, 0x00000000e2000000, 0x00000000e2000000|100%|HC|  |TAMS 0x00000000e2000000, 0x00000000e1f00000| Complete 
|  32|0x00000000e2000000, 0x00000000e2100000, 0x00000000e2100000|100%|HC|  |TAMS 0x00000000e2100000, 0x00000000e2000000| Complete 
|  33|0x00000000e2100000, 0x00000000e2200000, 0x00000000e2200000|100%|HC|  |TAMS 0x00000000e2200000, 0x00000000e2100000| Complete 
|  34|0x00000000e2200000, 0x00000000e2300000, 0x00000000e2300000|100%| O|  |TAMS 0x00000000e2300000, 0x00000000e2200000| Complete 
|  35|0x00000000e2300000, 0x00000000e2400000, 0x00000000e2400000|100%| O|  |TAMS 0x00000000e2400000, 0x00000000e2300000| Complete 
|  36|0x00000000e2400000, 0x00000000e2500000, 0x00000000e2500000|100%| O|  |TAMS 0x00000000e2500000, 0x00000000e2400000| Complete 
|  37|0x00000000e2500000, 0x00000000e2600000, 0x00000000e2600000|100%| O|  |TAMS 0x00000000e2600000, 0x00000000e2500000| Untracked 
|  38|0x00000000e2600000, 0x00000000e2700000, 0x00000000e2700000|100%| O|  |TAMS 0x00000000e2700000, 0x00000000e2600000| Untracked 
|  39|0x00000000e2700000, 0x00000000e2800000, 0x00000000e2800000|100%| O|  |TAMS 0x00000000e2800000, 0x00000000e2700000| Untracked 
|  40|0x00000000e2800000, 0x00000000e2900000, 0x00000000e2900000|100%| O|  |TAMS 0x00000000e2900000, 0x00000000e2800000| Untracked 
|  41|0x00000000e2900000, 0x00000000e2a00000, 0x00000000e2a00000|100%| O|  |TAMS 0x00000000e2a00000, 0x00000000e2900000| Untracked 
|  42|0x00000000e2a00000, 0x00000000e2b00000, 0x00000000e2b00000|100%| O|  |TAMS 0x00000000e2b00000, 0x00000000e2a00000| Untracked 
|  43|0x00000000e2b00000, 0x00000000e2c00000, 0x00000000e2c00000|100%| O|  |TAMS 0x00000000e2c00000, 0x00000000e2b00000| Untracked 
|  44|0x00000000e2c00000, 0x00000000e2d00000, 0x00000000e2d00000|100%| O|  |TAMS 0x00000000e2d00000, 0x00000000e2c00000| Complete 
|  45|0x00000000e2d00000, 0x00000000e2e00000, 0x00000000e2e00000|100%| O|  |TAMS 0x00000000e2e00000, 0x00000000e2d00000| Complete 
|  46|0x00000000e2e00000, 0x00000000e2f00000, 0x00000000e2f00000|100%|HS|  |TAMS 0x00000000e2f00000, 0x00000000e2e00000| Complete 
|  47|0x00000000e2f00000, 0x00000000e3000000, 0x00000000e3000000|100%| O|  |TAMS 0x00000000e3000000, 0x00000000e2f00000| Complete 
|  48|0x00000000e3000000, 0x00000000e3100000, 0x00000000e3100000|100%|HS|  |TAMS 0x00000000e3100000, 0x00000000e3000000| Complete 
|  49|0x00000000e3100000, 0x00000000e3200000, 0x00000000e3200000|100%|HC|  |TAMS 0x00000000e3200000, 0x00000000e3100000| Complete 
|  50|0x00000000e3200000, 0x00000000e3300000, 0x00000000e3300000|100%| O|  |TAMS 0x00000000e3300000, 0x00000000e3200000| Complete 
|  51|0x00000000e3300000, 0x00000000e3400000, 0x00000000e3400000|100%| O|  |TAMS 0x00000000e3400000, 0x00000000e3300000| Complete 
|  52|0x00000000e3400000, 0x00000000e3500000, 0x00000000e3500000|100%| O|  |TAMS 0x00000000e3500000, 0x00000000e3400000| Complete 
|  53|0x00000000e3500000, 0x00000000e3600000, 0x00000000e3600000|100%|HS|  |TAMS 0x00000000e3500000, 0x00000000e3500000| Complete 
|  54|0x00000000e3600000, 0x00000000e3600000, 0x00000000e3700000|  0%| F|  |TAMS 0x00000000e3600000, 0x00000000e3600000| Untracked 
|  55|0x00000000e3700000, 0x00000000e3800000, 0x00000000e3800000|100%| O|  |TAMS 0x00000000e3800000, 0x00000000e3700000| Complete 
|  56|0x00000000e3800000, 0x00000000e3900000, 0x00000000e3900000|100%| O|  |TAMS 0x00000000e3900000, 0x00000000e3800000| Untracked 
|  57|0x00000000e3900000, 0x00000000e3a00000, 0x00000000e3a00000|100%| O|  |TAMS 0x00000000e3a00000, 0x00000000e3900000| Untracked 
|  58|0x00000000e3a00000, 0x00000000e3b00000, 0x00000000e3b00000|100%| O|  |TAMS 0x00000000e3b00000, 0x00000000e3a00000| Untracked 
|  59|0x00000000e3b00000, 0x00000000e3c00000, 0x00000000e3c00000|100%| O|  |TAMS 0x00000000e3c00000, 0x00000000e3b00000| Untracked 
|  60|0x00000000e3c00000, 0x00000000e3d00000, 0x00000000e3d00000|100%| O|  |TAMS 0x00000000e3d00000, 0x00000000e3c00000| Untracked 
|  61|0x00000000e3d00000, 0x00000000e3e00000, 0x00000000e3e00000|100%| O|  |TAMS 0x00000000e3e00000, 0x00000000e3d00000| Untracked 
|  62|0x00000000e3e00000, 0x00000000e3f00000, 0x00000000e3f00000|100%| O|  |TAMS 0x00000000e3f00000, 0x00000000e3e00000| Untracked 
|  63|0x00000000e3f00000, 0x00000000e4000000, 0x00000000e4000000|100%| O|  |TAMS 0x00000000e4000000, 0x00000000e3f00000| Untracked 
|  64|0x00000000e4000000, 0x00000000e4100000, 0x00000000e4100000|100%| O|  |TAMS 0x00000000e4100000, 0x00000000e4000000| Complete 
|  65|0x00000000e4100000, 0x00000000e4200000, 0x00000000e4200000|100%|HS|  |TAMS 0x00000000e4200000, 0x00000000e4100000| Complete 
|  66|0x00000000e4200000, 0x00000000e4300000, 0x00000000e4300000|100%|HC|  |TAMS 0x00000000e4300000, 0x00000000e4200000| Complete 
|  67|0x00000000e4300000, 0x00000000e4400000, 0x00000000e4400000|100%|HC|  |TAMS 0x00000000e4400000, 0x00000000e4300000| Complete 
|  68|0x00000000e4400000, 0x00000000e4500000, 0x00000000e4500000|100%|HC|  |TAMS 0x00000000e4500000, 0x00000000e4400000| Complete 
|  69|0x00000000e4500000, 0x00000000e4600000, 0x00000000e4600000|100%|HC|  |TAMS 0x00000000e4600000, 0x00000000e4500000| Complete 
|  70|0x00000000e4600000, 0x00000000e4700000, 0x00000000e4700000|100%|HC|  |TAMS 0x00000000e4700000, 0x00000000e4600000| Complete 
|  71|0x00000000e4700000, 0x00000000e4800000, 0x00000000e4800000|100%| O|  |TAMS 0x00000000e4800000, 0x00000000e4700000| Untracked 
|  72|0x00000000e4800000, 0x00000000e4900000, 0x00000000e4900000|100%| O|  |TAMS 0x00000000e4900000, 0x00000000e4800000| Complete 
|  73|0x00000000e4900000, 0x00000000e4a00000, 0x00000000e4a00000|100%| O|  |TAMS 0x00000000e4a00000, 0x00000000e4900000| Complete 
|  74|0x00000000e4a00000, 0x00000000e4a00000, 0x00000000e4b00000|  0%| F|  |TAMS 0x00000000e4a00000, 0x00000000e4a00000| Untracked 
|  75|0x00000000e4b00000, 0x00000000e4c00000, 0x00000000e4c00000|100%| O|  |TAMS 0x00000000e4c00000, 0x00000000e4b00000| Complete 
|  76|0x00000000e4c00000, 0x00000000e4c00000, 0x00000000e4d00000|  0%| F|  |TAMS 0x00000000e4c00000, 0x00000000e4c00000| Untracked 
|  77|0x00000000e4d00000, 0x00000000e4d00000, 0x00000000e4e00000|  0%| F|  |TAMS 0x00000000e4d00000, 0x00000000e4d00000| Untracked 
|  78|0x00000000e4e00000, 0x00000000e4e00000, 0x00000000e4f00000|  0%| F|  |TAMS 0x00000000e4e00000, 0x00000000e4e00000| Untracked 
|  79|0x00000000e4f00000, 0x00000000e5000000, 0x00000000e5000000|100%| O|  |TAMS 0x00000000e5000000, 0x00000000e4f00000| Complete 
|  80|0x00000000e5000000, 0x00000000e5000000, 0x00000000e5100000|  0%| F|  |TAMS 0x00000000e5000000, 0x00000000e5000000| Untracked 
|  81|0x00000000e5100000, 0x00000000e5100000, 0x00000000e5200000|  0%| F|  |TAMS 0x00000000e5100000, 0x00000000e5100000| Untracked 
|  82|0x00000000e5200000, 0x00000000e5300000, 0x00000000e5300000|100%| O|  |TAMS 0x00000000e5300000, 0x00000000e5200000| Complete 
|  83|0x00000000e5300000, 0x00000000e5400000, 0x00000000e5400000|100%|HS|  |TAMS 0x00000000e5300000, 0x00000000e5300000| Complete 
|  84|0x00000000e5400000, 0x00000000e5500000, 0x00000000e5500000|100%|HC|  |TAMS 0x00000000e5400000, 0x00000000e5400000| Complete 
|  85|0x00000000e5500000, 0x00000000e5600000, 0x00000000e5600000|100%|HC|  |TAMS 0x00000000e5500000, 0x00000000e5500000| Complete 
|  86|0x00000000e5600000, 0x00000000e5600000, 0x00000000e5700000|  0%| F|  |TAMS 0x00000000e5600000, 0x00000000e5600000| Untracked 
|  87|0x00000000e5700000, 0x00000000e5700000, 0x00000000e5800000|  0%| F|  |TAMS 0x00000000e5700000, 0x00000000e5700000| Untracked 
|  88|0x00000000e5800000, 0x00000000e5900000, 0x00000000e5900000|100%|HS|  |TAMS 0x00000000e5900000, 0x00000000e5800000| Complete 
|  89|0x00000000e5900000, 0x00000000e5a00000, 0x00000000e5a00000|100%|HC|  |TAMS 0x00000000e5a00000, 0x00000000e5900000| Complete 
|  90|0x00000000e5a00000, 0x00000000e5b00000, 0x00000000e5b00000|100%|HC|  |TAMS 0x00000000e5b00000, 0x00000000e5a00000| Complete 
|  91|0x00000000e5b00000, 0x00000000e5c00000, 0x00000000e5c00000|100%|HS|  |TAMS 0x00000000e5c00000, 0x00000000e5b00000| Complete 
|  92|0x00000000e5c00000, 0x00000000e5d00000, 0x00000000e5d00000|100%|HC|  |TAMS 0x00000000e5d00000, 0x00000000e5c00000| Complete 
|  93|0x00000000e5d00000, 0x00000000e5e00000, 0x00000000e5e00000|100%|HS|  |TAMS 0x00000000e5e00000, 0x00000000e5d00000| Complete 
|  94|0x00000000e5e00000, 0x00000000e5f00000, 0x00000000e5f00000|100%|HC|  |TAMS 0x00000000e5f00000, 0x00000000e5e00000| Complete 
|  95|0x00000000e5f00000, 0x00000000e5f00000, 0x00000000e6000000|  0%| F|  |TAMS 0x00000000e5f00000, 0x00000000e5f00000| Untracked 
|  96|0x00000000e6000000, 0x00000000e6000000, 0x00000000e6100000|  0%| F|  |TAMS 0x00000000e6000000, 0x00000000e6000000| Untracked 
|  97|0x00000000e6100000, 0x00000000e6200000, 0x00000000e6200000|100%| O|  |TAMS 0x00000000e6200000, 0x00000000e6100000| Complete 
|  98|0x00000000e6200000, 0x00000000e6300000, 0x00000000e6300000|100%|HS|  |TAMS 0x00000000e6300000, 0x00000000e6200000| Complete 
|  99|0x00000000e6300000, 0x00000000e6400000, 0x00000000e6400000|100%|HC|  |TAMS 0x00000000e6400000, 0x00000000e6300000| Complete 
| 100|0x00000000e6400000, 0x00000000e6500000, 0x00000000e6500000|100%| O|  |TAMS 0x00000000e6500000, 0x00000000e6400000| Complete 
| 101|0x00000000e6500000, 0x00000000e6600000, 0x00000000e6600000|100%|HS|  |TAMS 0x00000000e6600000, 0x00000000e6500000| Complete 
| 102|0x00000000e6600000, 0x00000000e6700000, 0x00000000e6700000|100%|HC|  |TAMS 0x00000000e6700000, 0x00000000e6600000| Complete 
| 103|0x00000000e6700000, 0x00000000e6800000, 0x00000000e6800000|100%|HC|  |TAMS 0x00000000e6800000, 0x00000000e6700000| Complete 
| 104|0x00000000e6800000, 0x00000000e6900000, 0x00000000e6900000|100%|HC|  |TAMS 0x00000000e6900000, 0x00000000e6800000| Complete 
| 105|0x00000000e6900000, 0x00000000e6a00000, 0x00000000e6a00000|100%|HC|  |TAMS 0x00000000e6a00000, 0x00000000e6900000| Complete 
| 106|0x00000000e6a00000, 0x00000000e6b00000, 0x00000000e6b00000|100%|HC|  |TAMS 0x00000000e6b00000, 0x00000000e6a00000| Complete 
| 107|0x00000000e6b00000, 0x00000000e6c00000, 0x00000000e6c00000|100%|HC|  |TAMS 0x00000000e6c00000, 0x00000000e6b00000| Complete 
| 108|0x00000000e6c00000, 0x00000000e6d00000, 0x00000000e6d00000|100%|HC|  |TAMS 0x00000000e6d00000, 0x00000000e6c00000| Complete 
| 109|0x00000000e6d00000, 0x00000000e6e00000, 0x00000000e6e00000|100%|HC|  |TAMS 0x00000000e6e00000, 0x00000000e6d00000| Complete 
| 110|0x00000000e6e00000, 0x00000000e6f00000, 0x00000000e6f00000|100%|HC|  |TAMS 0x00000000e6f00000, 0x00000000e6e00000| Complete 
| 111|0x00000000e6f00000, 0x00000000e7000000, 0x00000000e7000000|100%|HS|  |TAMS 0x00000000e7000000, 0x00000000e6f00000| Complete 
| 112|0x00000000e7000000, 0x00000000e7100000, 0x00000000e7100000|100%|HC|  |TAMS 0x00000000e7100000, 0x00000000e7000000| Complete 
| 113|0x00000000e7100000, 0x00000000e7200000, 0x00000000e7200000|100%|HC|  |TAMS 0x00000000e7200000, 0x00000000e7100000| Complete 
| 114|0x00000000e7200000, 0x00000000e72b8000, 0x00000000e7300000| 71%| O|  |TAMS 0x00000000e72b8000, 0x00000000e7200000| Untracked 
| 115|0x00000000e7300000, 0x00000000e7300000, 0x00000000e7400000|  0%| F|  |TAMS 0x00000000e7300000, 0x00000000e7300000| Untracked 
| 116|0x00000000e7400000, 0x00000000e7400000, 0x00000000e7500000|  0%| F|  |TAMS 0x00000000e7400000, 0x00000000e7400000| Untracked 
| 117|0x00000000e7500000, 0x00000000e7500000, 0x00000000e7600000|  0%| F|  |TAMS 0x00000000e7500000, 0x00000000e7500000| Untracked 
| 118|0x00000000e7600000, 0x00000000e7600000, 0x00000000e7700000|  0%| F|  |TAMS 0x00000000e7600000, 0x00000000e7600000| Untracked 
| 119|0x00000000e7700000, 0x00000000e7700000, 0x00000000e7800000|  0%| F|  |TAMS 0x00000000e7700000, 0x00000000e7700000| Untracked 
| 120|0x00000000e7800000, 0x00000000e7800000, 0x00000000e7900000|  0%| F|  |TAMS 0x00000000e7800000, 0x00000000e7800000| Untracked 
| 121|0x00000000e7900000, 0x00000000e7900000, 0x00000000e7a00000|  0%| F|  |TAMS 0x00000000e7900000, 0x00000000e7900000| Untracked 
| 122|0x00000000e7a00000, 0x00000000e7a00000, 0x00000000e7b00000|  0%| F|  |TAMS 0x00000000e7a00000, 0x00000000e7a00000| Untracked 
| 123|0x00000000e7b00000, 0x00000000e7b00000, 0x00000000e7c00000|  0%| F|  |TAMS 0x00000000e7b00000, 0x00000000e7b00000| Untracked 
| 124|0x00000000e7c00000, 0x00000000e7c00000, 0x00000000e7d00000|  0%| F|  |TAMS 0x00000000e7c00000, 0x00000000e7c00000| Untracked 
| 125|0x00000000e7d00000, 0x00000000e7d00000, 0x00000000e7e00000|  0%| F|  |TAMS 0x00000000e7d00000, 0x00000000e7d00000| Untracked 
| 126|0x00000000e7e00000, 0x00000000e7e00000, 0x00000000e7f00000|  0%| F|  |TAMS 0x00000000e7e00000, 0x00000000e7e00000| Untracked 
| 127|0x00000000e7f00000, 0x00000000e7f00000, 0x00000000e8000000|  0%| F|  |TAMS 0x00000000e7f00000, 0x00000000e7f00000| Untracked 
| 128|0x00000000e8000000, 0x00000000e8000000, 0x00000000e8100000|  0%| F|  |TAMS 0x00000000e8000000, 0x00000000e8000000| Untracked 
| 129|0x00000000e8100000, 0x00000000e8100000, 0x00000000e8200000|  0%| F|  |TAMS 0x00000000e8100000, 0x00000000e8100000| Untracked 
| 130|0x00000000e8200000, 0x00000000e8200000, 0x00000000e8300000|  0%| F|  |TAMS 0x00000000e8200000, 0x00000000e8200000| Untracked 
| 131|0x00000000e8300000, 0x00000000e8300000, 0x00000000e8400000|  0%| F|  |TAMS 0x00000000e8300000, 0x00000000e8300000| Untracked 
| 132|0x00000000e8400000, 0x00000000e8400000, 0x00000000e8500000|  0%| F|  |TAMS 0x00000000e8400000, 0x00000000e8400000| Untracked 
| 133|0x00000000e8500000, 0x00000000e8500000, 0x00000000e8600000|  0%| F|  |TAMS 0x00000000e8500000, 0x00000000e8500000| Untracked 
| 134|0x00000000e8600000, 0x00000000e8600000, 0x00000000e8700000|  0%| F|  |TAMS 0x00000000e8600000, 0x00000000e8600000| Untracked 
| 135|0x00000000e8700000, 0x00000000e8700000, 0x00000000e8800000|  0%| F|  |TAMS 0x00000000e8700000, 0x00000000e8700000| Untracked 
| 136|0x00000000e8800000, 0x00000000e8800000, 0x00000000e8900000|  0%| F|  |TAMS 0x00000000e8800000, 0x00000000e8800000| Untracked 
| 137|0x00000000e8900000, 0x00000000e8900000, 0x00000000e8a00000|  0%| F|  |TAMS 0x00000000e8900000, 0x00000000e8900000| Untracked 
| 138|0x00000000e8a00000, 0x00000000e8a00000, 0x00000000e8b00000|  0%| F|  |TAMS 0x00000000e8a00000, 0x00000000e8a00000| Untracked 
| 139|0x00000000e8b00000, 0x00000000e8b00000, 0x00000000e8c00000|  0%| F|  |TAMS 0x00000000e8b00000, 0x00000000e8b00000| Untracked 
| 140|0x00000000e8c00000, 0x00000000e8c00000, 0x00000000e8d00000|  0%| F|  |TAMS 0x00000000e8c00000, 0x00000000e8c00000| Untracked 
| 141|0x00000000e8d00000, 0x00000000e8d00000, 0x00000000e8e00000|  0%| F|  |TAMS 0x00000000e8d00000, 0x00000000e8d00000| Untracked 
| 142|0x00000000e8e00000, 0x00000000e8e00000, 0x00000000e8f00000|  0%| F|  |TAMS 0x00000000e8e00000, 0x00000000e8e00000| Untracked 
| 143|0x00000000e8f00000, 0x00000000e8f00000, 0x00000000e9000000|  0%| F|  |TAMS 0x00000000e8f00000, 0x00000000e8f00000| Untracked 
| 144|0x00000000e9000000, 0x00000000e9000000, 0x00000000e9100000|  0%| F|  |TAMS 0x00000000e9000000, 0x00000000e9000000| Untracked 
| 145|0x00000000e9100000, 0x00000000e9100000, 0x00000000e9200000|  0%| F|  |TAMS 0x00000000e9100000, 0x00000000e9100000| Untracked 
| 146|0x00000000e9200000, 0x00000000e9200000, 0x00000000e9300000|  0%| F|  |TAMS 0x00000000e9200000, 0x00000000e9200000| Untracked 
| 147|0x00000000e9300000, 0x00000000e9300000, 0x00000000e9400000|  0%| F|  |TAMS 0x00000000e9300000, 0x00000000e9300000| Untracked 
| 148|0x00000000e9400000, 0x00000000e9400000, 0x00000000e9500000|  0%| F|  |TAMS 0x00000000e9400000, 0x00000000e9400000| Untracked 
| 149|0x00000000e9500000, 0x00000000e9500000, 0x00000000e9600000|  0%| F|  |TAMS 0x00000000e9500000, 0x00000000e9500000| Untracked 
| 150|0x00000000e9600000, 0x00000000e9600000, 0x00000000e9700000|  0%| F|  |TAMS 0x00000000e9600000, 0x00000000e9600000| Untracked 
| 151|0x00000000e9700000, 0x00000000e9700000, 0x00000000e9800000|  0%| F|  |TAMS 0x00000000e9700000, 0x00000000e9700000| Untracked 
| 152|0x00000000e9800000, 0x00000000e9800000, 0x00000000e9900000|  0%| F|  |TAMS 0x00000000e9800000, 0x00000000e9800000| Untracked 
| 153|0x00000000e9900000, 0x00000000e9900000, 0x00000000e9a00000|  0%| F|  |TAMS 0x00000000e9900000, 0x00000000e9900000| Untracked 
| 154|0x00000000e9a00000, 0x00000000e9a00000, 0x00000000e9b00000|  0%| F|  |TAMS 0x00000000e9a00000, 0x00000000e9a00000| Untracked 
| 155|0x00000000e9b00000, 0x00000000e9b00000, 0x00000000e9c00000|  0%| F|  |TAMS 0x00000000e9b00000, 0x00000000e9b00000| Untracked 
| 156|0x00000000e9c00000, 0x00000000e9c00000, 0x00000000e9d00000|  0%| F|  |TAMS 0x00000000e9c00000, 0x00000000e9c00000| Untracked 
| 157|0x00000000e9d00000, 0x00000000e9d35e68, 0x00000000e9e00000| 21%| S|CS|TAMS 0x00000000e9d00000, 0x00000000e9d00000| Complete 
| 158|0x00000000e9e00000, 0x00000000e9f00000, 0x00000000e9f00000|100%| S|CS|TAMS 0x00000000e9e00000, 0x00000000e9e00000| Complete 
| 159|0x00000000e9f00000, 0x00000000ea000000, 0x00000000ea000000|100%| S|CS|TAMS 0x00000000e9f00000, 0x00000000e9f00000| Complete 
| 160|0x00000000ea000000, 0x00000000ea100000, 0x00000000ea100000|100%| S|CS|TAMS 0x00000000ea000000, 0x00000000ea000000| Complete 
| 161|0x00000000ea100000, 0x00000000ea200000, 0x00000000ea200000|100%| S|CS|TAMS 0x00000000ea100000, 0x00000000ea100000| Complete 
| 162|0x00000000ea200000, 0x00000000ea300000, 0x00000000ea300000|100%| S|CS|TAMS 0x00000000ea200000, 0x00000000ea200000| Complete 
| 163|0x00000000ea300000, 0x00000000ea400000, 0x00000000ea400000|100%| S|CS|TAMS 0x00000000ea300000, 0x00000000ea300000| Complete 
| 164|0x00000000ea400000, 0x00000000ea500000, 0x00000000ea500000|100%| S|CS|TAMS 0x00000000ea400000, 0x00000000ea400000| Complete 
| 165|0x00000000ea500000, 0x00000000ea500000, 0x00000000ea600000|  0%| F|  |TAMS 0x00000000ea500000, 0x00000000ea500000| Untracked 
| 166|0x00000000ea600000, 0x00000000ea600000, 0x00000000ea700000|  0%| F|  |TAMS 0x00000000ea600000, 0x00000000ea600000| Untracked 
| 167|0x00000000ea700000, 0x00000000ea700000, 0x00000000ea800000|  0%| F|  |TAMS 0x00000000ea700000, 0x00000000ea700000| Untracked 
| 168|0x00000000ea800000, 0x00000000ea800000, 0x00000000ea900000|  0%| F|  |TAMS 0x00000000ea800000, 0x00000000ea800000| Untracked 
| 169|0x00000000ea900000, 0x00000000ea900000, 0x00000000eaa00000|  0%| F|  |TAMS 0x00000000ea900000, 0x00000000ea900000| Untracked 
| 170|0x00000000eaa00000, 0x00000000eaa00000, 0x00000000eab00000|  0%| F|  |TAMS 0x00000000eaa00000, 0x00000000eaa00000| Untracked 
| 171|0x00000000eab00000, 0x00000000eab00000, 0x00000000eac00000|  0%| F|  |TAMS 0x00000000eab00000, 0x00000000eab00000| Untracked 
| 172|0x00000000eac00000, 0x00000000eac00000, 0x00000000ead00000|  0%| F|  |TAMS 0x00000000eac00000, 0x00000000eac00000| Untracked 
| 173|0x00000000ead00000, 0x00000000ead00000, 0x00000000eae00000|  0%| F|  |TAMS 0x00000000ead00000, 0x00000000ead00000| Untracked 
| 174|0x00000000eae00000, 0x00000000eae00000, 0x00000000eaf00000|  0%| F|  |TAMS 0x00000000eae00000, 0x00000000eae00000| Untracked 
| 175|0x00000000eaf00000, 0x00000000eaf00000, 0x00000000eb000000|  0%| F|  |TAMS 0x00000000eaf00000, 0x00000000eaf00000| Untracked 
| 176|0x00000000eb000000, 0x00000000eb100000, 0x00000000eb100000|100%| E|  |TAMS 0x00000000eb000000, 0x00000000eb000000| Complete 
| 177|0x00000000eb100000, 0x00000000eb200000, 0x00000000eb200000|100%| E|CS|TAMS 0x00000000eb100000, 0x00000000eb100000| Complete 
| 178|0x00000000eb200000, 0x00000000eb300000, 0x00000000eb300000|100%| E|CS|TAMS 0x00000000eb200000, 0x00000000eb200000| Complete 
| 179|0x00000000eb300000, 0x00000000eb400000, 0x00000000eb400000|100%| E|CS|TAMS 0x00000000eb300000, 0x00000000eb300000| Complete 
| 180|0x00000000eb400000, 0x00000000eb500000, 0x00000000eb500000|100%| E|CS|TAMS 0x00000000eb400000, 0x00000000eb400000| Complete 
| 181|0x00000000eb500000, 0x00000000eb600000, 0x00000000eb600000|100%| E|CS|TAMS 0x00000000eb500000, 0x00000000eb500000| Complete 
| 182|0x00000000eb600000, 0x00000000eb700000, 0x00000000eb700000|100%| E|CS|TAMS 0x00000000eb600000, 0x00000000eb600000| Complete 
| 183|0x00000000eb700000, 0x00000000eb800000, 0x00000000eb800000|100%| E|CS|TAMS 0x00000000eb700000, 0x00000000eb700000| Complete 
| 184|0x00000000eb800000, 0x00000000eb900000, 0x00000000eb900000|100%| E|CS|TAMS 0x00000000eb800000, 0x00000000eb800000| Complete 
| 185|0x00000000eb900000, 0x00000000eba00000, 0x00000000eba00000|100%| E|CS|TAMS 0x00000000eb900000, 0x00000000eb900000| Complete 
| 186|0x00000000eba00000, 0x00000000ebb00000, 0x00000000ebb00000|100%| E|CS|TAMS 0x00000000eba00000, 0x00000000eba00000| Complete 
| 187|0x00000000ebb00000, 0x00000000ebc00000, 0x00000000ebc00000|100%| E|CS|TAMS 0x00000000ebb00000, 0x00000000ebb00000| Complete 
| 188|0x00000000ebc00000, 0x00000000ebd00000, 0x00000000ebd00000|100%| E|CS|TAMS 0x00000000ebc00000, 0x00000000ebc00000| Complete 
| 189|0x00000000ebd00000, 0x00000000ebe00000, 0x00000000ebe00000|100%| E|CS|TAMS 0x00000000ebd00000, 0x00000000ebd00000| Complete 
| 190|0x00000000ebe00000, 0x00000000ebf00000, 0x00000000ebf00000|100%| E|CS|TAMS 0x00000000ebe00000, 0x00000000ebe00000| Complete 
| 191|0x00000000ebf00000, 0x00000000ec000000, 0x00000000ec000000|100%| E|CS|TAMS 0x00000000ebf00000, 0x00000000ebf00000| Complete 
| 192|0x00000000ec000000, 0x00000000ec100000, 0x00000000ec100000|100%| E|CS|TAMS 0x00000000ec000000, 0x00000000ec000000| Complete 
| 193|0x00000000ec100000, 0x00000000ec200000, 0x00000000ec200000|100%| E|CS|TAMS 0x00000000ec100000, 0x00000000ec100000| Complete 
| 194|0x00000000ec200000, 0x00000000ec300000, 0x00000000ec300000|100%| E|CS|TAMS 0x00000000ec200000, 0x00000000ec200000| Complete 
| 195|0x00000000ec300000, 0x00000000ec400000, 0x00000000ec400000|100%| E|CS|TAMS 0x00000000ec300000, 0x00000000ec300000| Complete 
| 196|0x00000000ec400000, 0x00000000ec500000, 0x00000000ec500000|100%| E|CS|TAMS 0x00000000ec400000, 0x00000000ec400000| Complete 
| 197|0x00000000ec500000, 0x00000000ec600000, 0x00000000ec600000|100%| E|CS|TAMS 0x00000000ec500000, 0x00000000ec500000| Complete 
| 198|0x00000000ec600000, 0x00000000ec700000, 0x00000000ec700000|100%| E|CS|TAMS 0x00000000ec600000, 0x00000000ec600000| Complete 
| 199|0x00000000ec700000, 0x00000000ec800000, 0x00000000ec800000|100%| E|CS|TAMS 0x00000000ec700000, 0x00000000ec700000| Complete 
| 200|0x00000000ec800000, 0x00000000ec900000, 0x00000000ec900000|100%| E|CS|TAMS 0x00000000ec800000, 0x00000000ec800000| Complete 
| 201|0x00000000ec900000, 0x00000000eca00000, 0x00000000eca00000|100%| E|CS|TAMS 0x00000000ec900000, 0x00000000ec900000| Complete 
| 202|0x00000000eca00000, 0x00000000ecb00000, 0x00000000ecb00000|100%| E|CS|TAMS 0x00000000eca00000, 0x00000000eca00000| Complete 
| 203|0x00000000ecb00000, 0x00000000ecc00000, 0x00000000ecc00000|100%| E|CS|TAMS 0x00000000ecb00000, 0x00000000ecb00000| Complete 
| 204|0x00000000ecc00000, 0x00000000ecd00000, 0x00000000ecd00000|100%| E|CS|TAMS 0x00000000ecc00000, 0x00000000ecc00000| Complete 
| 205|0x00000000ecd00000, 0x00000000ece00000, 0x00000000ece00000|100%| E|CS|TAMS 0x00000000ecd00000, 0x00000000ecd00000| Complete 
| 206|0x00000000ece00000, 0x00000000ecf00000, 0x00000000ecf00000|100%| E|CS|TAMS 0x00000000ece00000, 0x00000000ece00000| Complete 
| 207|0x00000000ecf00000, 0x00000000ed000000, 0x00000000ed000000|100%| E|CS|TAMS 0x00000000ecf00000, 0x00000000ecf00000| Complete 
| 208|0x00000000ed000000, 0x00000000ed100000, 0x00000000ed100000|100%| E|CS|TAMS 0x00000000ed000000, 0x00000000ed000000| Complete 
| 209|0x00000000ed100000, 0x00000000ed200000, 0x00000000ed200000|100%| E|CS|TAMS 0x00000000ed100000, 0x00000000ed100000| Complete 
| 210|0x00000000ed200000, 0x00000000ed300000, 0x00000000ed300000|100%| E|CS|TAMS 0x00000000ed200000, 0x00000000ed200000| Complete 
| 211|0x00000000ed300000, 0x00000000ed400000, 0x00000000ed400000|100%| E|CS|TAMS 0x00000000ed300000, 0x00000000ed300000| Complete 
| 212|0x00000000ed400000, 0x00000000ed500000, 0x00000000ed500000|100%| E|CS|TAMS 0x00000000ed400000, 0x00000000ed400000| Complete 
| 213|0x00000000ed500000, 0x00000000ed600000, 0x00000000ed600000|100%| E|CS|TAMS 0x00000000ed500000, 0x00000000ed500000| Complete 
| 214|0x00000000ed600000, 0x00000000ed700000, 0x00000000ed700000|100%| E|CS|TAMS 0x00000000ed600000, 0x00000000ed600000| Complete 
| 215|0x00000000ed700000, 0x00000000ed800000, 0x00000000ed800000|100%| E|CS|TAMS 0x00000000ed700000, 0x00000000ed700000| Complete 
| 216|0x00000000ed800000, 0x00000000ed900000, 0x00000000ed900000|100%| E|CS|TAMS 0x00000000ed800000, 0x00000000ed800000| Complete 
| 217|0x00000000ed900000, 0x00000000eda00000, 0x00000000eda00000|100%| E|CS|TAMS 0x00000000ed900000, 0x00000000ed900000| Complete 
| 218|0x00000000eda00000, 0x00000000edb00000, 0x00000000edb00000|100%| E|CS|TAMS 0x00000000eda00000, 0x00000000eda00000| Complete 
| 219|0x00000000edb00000, 0x00000000edc00000, 0x00000000edc00000|100%| E|CS|TAMS 0x00000000edb00000, 0x00000000edb00000| Complete 
| 220|0x00000000edc00000, 0x00000000edd00000, 0x00000000edd00000|100%| E|CS|TAMS 0x00000000edc00000, 0x00000000edc00000| Complete 
| 221|0x00000000edd00000, 0x00000000ede00000, 0x00000000ede00000|100%| E|CS|TAMS 0x00000000edd00000, 0x00000000edd00000| Complete 
| 222|0x00000000ede00000, 0x00000000edf00000, 0x00000000edf00000|100%| E|CS|TAMS 0x00000000ede00000, 0x00000000ede00000| Complete 
| 223|0x00000000edf00000, 0x00000000ee000000, 0x00000000ee000000|100%| E|CS|TAMS 0x00000000edf00000, 0x00000000edf00000| Complete 
| 224|0x00000000ee000000, 0x00000000ee100000, 0x00000000ee100000|100%| E|CS|TAMS 0x00000000ee000000, 0x00000000ee000000| Complete 
| 225|0x00000000ee100000, 0x00000000ee200000, 0x00000000ee200000|100%| E|CS|TAMS 0x00000000ee100000, 0x00000000ee100000| Complete 
| 226|0x00000000ee200000, 0x00000000ee300000, 0x00000000ee300000|100%| E|CS|TAMS 0x00000000ee200000, 0x00000000ee200000| Complete 
| 227|0x00000000ee300000, 0x00000000ee400000, 0x00000000ee400000|100%| E|CS|TAMS 0x00000000ee300000, 0x00000000ee300000| Complete 
| 228|0x00000000ee400000, 0x00000000ee500000, 0x00000000ee500000|100%| E|CS|TAMS 0x00000000ee400000, 0x00000000ee400000| Complete 
| 229|0x00000000ee500000, 0x00000000ee600000, 0x00000000ee600000|100%| E|CS|TAMS 0x00000000ee500000, 0x00000000ee500000| Complete 
| 230|0x00000000ee600000, 0x00000000ee700000, 0x00000000ee700000|100%| E|CS|TAMS 0x00000000ee600000, 0x00000000ee600000| Complete 
| 231|0x00000000ee700000, 0x00000000ee800000, 0x00000000ee800000|100%| E|CS|TAMS 0x00000000ee700000, 0x00000000ee700000| Complete 
| 232|0x00000000ee800000, 0x00000000ee900000, 0x00000000ee900000|100%| E|CS|TAMS 0x00000000ee800000, 0x00000000ee800000| Complete 
| 233|0x00000000ee900000, 0x00000000eea00000, 0x00000000eea00000|100%| E|CS|TAMS 0x00000000ee900000, 0x00000000ee900000| Complete 
| 234|0x00000000eea00000, 0x00000000eeb00000, 0x00000000eeb00000|100%| E|CS|TAMS 0x00000000eea00000, 0x00000000eea00000| Complete 
| 235|0x00000000eeb00000, 0x00000000eec00000, 0x00000000eec00000|100%| E|CS|TAMS 0x00000000eeb00000, 0x00000000eeb00000| Complete 
| 236|0x00000000eec00000, 0x00000000eed00000, 0x00000000eed00000|100%| E|CS|TAMS 0x00000000eec00000, 0x00000000eec00000| Complete 
| 237|0x00000000eed00000, 0x00000000eee00000, 0x00000000eee00000|100%| E|CS|TAMS 0x00000000eed00000, 0x00000000eed00000| Complete 
| 238|0x00000000eee00000, 0x00000000eef00000, 0x00000000eef00000|100%| E|CS|TAMS 0x00000000eee00000, 0x00000000eee00000| Complete 
| 239|0x00000000eef00000, 0x00000000ef000000, 0x00000000ef000000|100%| E|CS|TAMS 0x00000000eef00000, 0x00000000eef00000| Complete 
| 240|0x00000000ef000000, 0x00000000ef100000, 0x00000000ef100000|100%| E|CS|TAMS 0x00000000ef000000, 0x00000000ef000000| Complete 
| 241|0x00000000ef100000, 0x00000000ef200000, 0x00000000ef200000|100%| E|CS|TAMS 0x00000000ef100000, 0x00000000ef100000| Complete 
| 242|0x00000000ef200000, 0x00000000ef300000, 0x00000000ef300000|100%| E|CS|TAMS 0x00000000ef200000, 0x00000000ef200000| Complete 
| 243|0x00000000ef300000, 0x00000000ef400000, 0x00000000ef400000|100%| E|CS|TAMS 0x00000000ef300000, 0x00000000ef300000| Complete 
| 244|0x00000000ef400000, 0x00000000ef500000, 0x00000000ef500000|100%| E|CS|TAMS 0x00000000ef400000, 0x00000000ef400000| Complete 
| 245|0x00000000ef500000, 0x00000000ef600000, 0x00000000ef600000|100%| E|CS|TAMS 0x00000000ef500000, 0x00000000ef500000| Complete 
| 246|0x00000000ef600000, 0x00000000ef700000, 0x00000000ef700000|100%| E|CS|TAMS 0x00000000ef600000, 0x00000000ef600000| Complete 
| 247|0x00000000ef700000, 0x00000000ef800000, 0x00000000ef800000|100%| E|CS|TAMS 0x00000000ef700000, 0x00000000ef700000| Complete 
| 248|0x00000000ef800000, 0x00000000ef900000, 0x00000000ef900000|100%| E|CS|TAMS 0x00000000ef800000, 0x00000000ef800000| Complete 
| 249|0x00000000ef900000, 0x00000000efa00000, 0x00000000efa00000|100%| E|CS|TAMS 0x00000000ef900000, 0x00000000ef900000| Complete 
| 250|0x00000000efa00000, 0x00000000efb00000, 0x00000000efb00000|100%| E|CS|TAMS 0x00000000efa00000, 0x00000000efa00000| Complete 
| 251|0x00000000efb00000, 0x00000000efc00000, 0x00000000efc00000|100%| E|CS|TAMS 0x00000000efb00000, 0x00000000efb00000| Complete 
| 252|0x00000000efc00000, 0x00000000efd00000, 0x00000000efd00000|100%| E|CS|TAMS 0x00000000efc00000, 0x00000000efc00000| Complete 
| 253|0x00000000efd00000, 0x00000000efe00000, 0x00000000efe00000|100%| E|CS|TAMS 0x00000000efd00000, 0x00000000efd00000| Complete 
| 254|0x00000000efe00000, 0x00000000eff00000, 0x00000000eff00000|100%| E|CS|TAMS 0x00000000efe00000, 0x00000000efe00000| Complete 
| 255|0x00000000eff00000, 0x00000000f0000000, 0x00000000f0000000|100%| E|CS|TAMS 0x00000000eff00000, 0x00000000eff00000| Complete 

Card table byte_map: [0x0000028b3ae70000,0x0000028b3af70000] _byte_map_base: 0x0000028b3a770000

Marking Bits (Prev, Next): (CMBitMap*) 0x0000028b2330ac58, (CMBitMap*) 0x0000028b2330ac90
 Prev Bits: [0x0000028b3b070000, 0x0000028b3b870000)
 Next Bits: [0x0000028b3b870000, 0x0000028b3c070000)

Polling page: 0x0000028b21480000

Metaspace:

Usage:
  Non-class:     53.13 MB capacity,    52.02 MB ( 98%) used,   974.57 KB (  2%) free+waste,   158.06 KB ( <1%) overhead. 
      Class:      7.65 MB capacity,     7.11 MB ( 93%) used,   474.50 KB (  6%) free+waste,    73.75 KB ( <1%) overhead. 
       Both:     60.78 MB capacity,    59.14 MB ( 97%) used,     1.42 MB (  2%) free+waste,   231.81 KB ( <1%) overhead. 

Virtual space:
  Non-class space:       54.00 MB reserved,      53.24 MB ( 99%) committed 
      Class space:      248.00 MB reserved,       7.75 MB (  3%) committed 
             Both:      302.00 MB reserved,      60.99 MB ( 20%) committed 

Chunk freelists:
   Non-Class:  54.00 KB
       Class:  6.00 KB
        Both:  60.00 KB

MaxMetaspaceSize: 256.00 MB
CompressedClassSpaceSize: 248.00 MB
Initial GC threshold: 20.80 MB
Current GC threshold: 91.03 MB
CDS: off

CodeHeap 'non-profiled nmethods': size=120000Kb used=8102Kb max_used=8102Kb free=111897Kb
 bounds [0x0000028b33510000, 0x0000028b33d00000, 0x0000028b3aa40000]
CodeHeap 'profiled nmethods': size=120000Kb used=15737Kb max_used=15737Kb free=104262Kb
 bounds [0x0000028b2bfe0000, 0x0000028b2cf40000, 0x0000028b33510000]
CodeHeap 'non-nmethods': size=5760Kb used=2313Kb max_used=2417Kb free=3446Kb
 bounds [0x0000028b2ba40000, 0x0000028b2bcb0000, 0x0000028b2bfe0000]
 total_blobs=8014 nmethods=7195 adapters=731
 compilation: enabled
              stopped_count=0, restarted_count=0
 full_count=0

Compilation events (20 events):
Event: 48.839 Thread 0x0000028b41fd2800 7244       4       java.security.MessageDigest::update (14 bytes)
Event: 48.840 Thread 0x0000028b41fd2800 nmethod 7244 0x0000028b3358a710 code [0x0000028b3358a8a0, 0x0000028b3358a938]
Event: 48.840 Thread 0x0000028b41fd2800 7254       4       java.util.ArrayList::toArray (57 bytes)
Event: 48.844 Thread 0x0000028b41fd2800 nmethod 7254 0x0000028b33589e10 code [0x0000028b33589fc0, 0x0000028b3358a558]
Event: 48.844 Thread 0x0000028b41fd2800 7250       4       java.util.ArrayDeque::removeFirst (19 bytes)
Event: 48.846 Thread 0x0000028b41fd2800 nmethod 7250 0x0000028b33589990 code [0x0000028b33589b20, 0x0000028b33589c38]
Event: 48.846 Thread 0x0000028b41fd2800 7215       4       com.google.common.collect.Iterators::forArray (51 bytes)
Event: 48.849 Thread 0x0000028b41fd2800 nmethod 7215 0x0000028b33cdff90 code [0x0000028b33ce0140, 0x0000028b33ce0358]
Event: 48.849 Thread 0x0000028b41fd2800 7251       4       java.util.HashSet::<init> (16 bytes)
Event: 48.851 Thread 0x0000028b41fd2800 nmethod 7251 0x0000028b33ce0590 code [0x0000028b33ce0720, 0x0000028b33ce08d8]
Event: 48.851 Thread 0x0000028b41fd2800 7233       4       java.util.concurrent.ConcurrentHashMap$ValueIterator::next (34 bytes)
Event: 48.856 Thread 0x0000028b41fd2800 nmethod 7233 0x0000028b33ce0990 code [0x0000028b33ce0b40, 0x0000028b33ce0f38]
Event: 48.867 Thread 0x0000028b3f456000 7287       3       com.google.common.collect.Lists::newArrayList (8 bytes)
Event: 48.867 Thread 0x0000028b3f456000 nmethod 7287 0x0000028b2cf33390 code [0x0000028b2cf33560, 0x0000028b2cf33878]
Event: 48.869 Thread 0x0000028b41fd2800 7288       4       java.util.zip.Checksum::update (11 bytes)
Event: 48.871 Thread 0x0000028b41fd2800 nmethod 7288 0x0000028b33ce1110 code [0x0000028b33ce12c0, 0x0000028b33ce13f8]
Event: 48.881 Thread 0x0000028b3f456000 7289       3       java.util.regex.Pattern$BmpCharProperty::<init> (6 bytes)
Event: 48.881 Thread 0x0000028b3f456000 nmethod 7289 0x0000028b2cf33990 code [0x0000028b2cf33b60, 0x0000028b2cf33e38]
Event: 48.881 Thread 0x0000028b3f456000 7290       3       java.util.regex.Pattern::range (292 bytes)
Event: 48.884 Thread 0x0000028b3f456000 nmethod 7290 0x0000028b2cf33f90 code [0x0000028b2cf34440, 0x0000028b2cf366c8]

GC Heap History (20 events):
Event: 43.613 GC heap before
{Heap before GC invocations=79 (full 0):
 garbage-first heap   total 262144K, used 223515K [0x00000000e0000000, 0x0000000100000000)
  region size 1024K, 131 young (134144K), 4 survivors (4096K)
 Metaspace       used 50197K, capacity 51482K, committed 51712K, reserved 299008K
  class space    used 6361K, capacity 6841K, committed 6912K, reserved 253952K
}
Event: 43.615 GC heap after
{Heap after GC invocations=80 (full 0):
 garbage-first heap   total 262144K, used 95246K [0x00000000e0000000, 0x0000000100000000)
  region size 1024K, 6 young (6144K), 6 survivors (6144K)
 Metaspace       used 50197K, capacity 51482K, committed 51712K, reserved 299008K
  class space    used 6361K, capacity 6841K, committed 6912K, reserved 253952K
}
Event: 43.902 GC heap before
{Heap before GC invocations=80 (full 0):
 garbage-first heap   total 262144K, used 225294K [0x00000000e0000000, 0x0000000100000000)
  region size 1024K, 133 young (136192K), 6 survivors (6144K)
 Metaspace       used 50197K, capacity 51482K, committed 51712K, reserved 299008K
  class space    used 6361K, capacity 6841K, committed 6912K, reserved 253952K
}
Event: 43.905 GC heap after
{Heap after GC invocations=81 (full 0):
 garbage-first heap   total 262144K, used 97370K [0x00000000e0000000, 0x0000000100000000)
  region size 1024K, 8 young (8192K), 8 survivors (8192K)
 Metaspace       used 50197K, capacity 51482K, committed 51712K, reserved 299008K
  class space    used 6361K, capacity 6841K, committed 6912K, reserved 253952K
}
Event: 44.148 GC heap before
{Heap before GC invocations=81 (full 0):
 garbage-first heap   total 262144K, used 226394K [0x00000000e0000000, 0x0000000100000000)
  region size 1024K, 134 young (137216K), 8 survivors (8192K)
 Metaspace       used 50197K, capacity 51482K, committed 51712K, reserved 299008K
  class space    used 6361K, capacity 6841K, committed 6912K, reserved 253952K
}
Event: 44.152 GC heap after
{Heap after GC invocations=82 (full 0):
 garbage-first heap   total 262144K, used 99187K [0x00000000e0000000, 0x0000000100000000)
  region size 1024K, 10 young (10240K), 10 survivors (10240K)
 Metaspace       used 50197K, capacity 51482K, committed 51712K, reserved 299008K
  class space    used 6361K, capacity 6841K, committed 6912K, reserved 253952K
}
Event: 44.394 GC heap before
{Heap before GC invocations=82 (full 0):
 garbage-first heap   total 262144K, used 224115K [0x00000000e0000000, 0x0000000100000000)
  region size 1024K, 132 young (135168K), 10 survivors (10240K)
 Metaspace       used 50197K, capacity 51482K, committed 51712K, reserved 299008K
  class space    used 6361K, capacity 6841K, committed 6912K, reserved 253952K
}
Event: 44.399 GC heap after
{Heap after GC invocations=83 (full 0):
 garbage-first heap   total 262144K, used 101042K [0x00000000e0000000, 0x0000000100000000)
  region size 1024K, 10 young (10240K), 10 survivors (10240K)
 Metaspace       used 50197K, capacity 51482K, committed 51712K, reserved 299008K
  class space    used 6361K, capacity 6841K, committed 6912K, reserved 253952K
}
Event: 44.628 GC heap before
{Heap before GC invocations=83 (full 0):
 garbage-first heap   total 262144K, used 223922K [0x00000000e0000000, 0x0000000100000000)
  region size 1024K, 130 young (133120K), 10 survivors (10240K)
 Metaspace       used 50197K, capacity 51482K, committed 51712K, reserved 299008K
  class space    used 6361K, capacity 6841K, committed 6912K, reserved 253952K
}
Event: 44.632 GC heap after
{Heap after GC invocations=84 (full 0):
 garbage-first heap   total 262144K, used 103385K [0x00000000e0000000, 0x0000000100000000)
  region size 1024K, 10 young (10240K), 10 survivors (10240K)
 Metaspace       used 50197K, capacity 51482K, committed 51712K, reserved 299008K
  class space    used 6361K, capacity 6841K, committed 6912K, reserved 253952K
}
Event: 44.897 GC heap before
{Heap before GC invocations=84 (full 0):
 garbage-first heap   total 262144K, used 224217K [0x00000000e0000000, 0x0000000100000000)
  region size 1024K, 128 young (131072K), 10 survivors (10240K)
 Metaspace       used 50197K, capacity 51482K, committed 51712K, reserved 299008K
  class space    used 6361K, capacity 6841K, committed 6912K, reserved 253952K
}
Event: 44.902 GC heap after
{Heap after GC invocations=85 (full 0):
 garbage-first heap   total 262144K, used 105061K [0x00000000e0000000, 0x0000000100000000)
  region size 1024K, 10 young (10240K), 10 survivors (10240K)
 Metaspace       used 50197K, capacity 51482K, committed 51712K, reserved 299008K
  class space    used 6361K, capacity 6841K, committed 6912K, reserved 253952K
}
Event: 45.167 GC heap before
{Heap before GC invocations=85 (full 0):
 garbage-first heap   total 262144K, used 224869K [0x00000000e0000000, 0x0000000100000000)
  region size 1024K, 127 young (130048K), 10 survivors (10240K)
 Metaspace       used 50198K, capacity 51482K, committed 51712K, reserved 299008K
  class space    used 6361K, capacity 6841K, committed 6912K, reserved 253952K
}
Event: 45.172 GC heap after
{Heap after GC invocations=86 (full 0):
 garbage-first heap   total 262144K, used 95523K [0x00000000e0000000, 0x0000000100000000)
  region size 1024K, 11 young (11264K), 11 survivors (11264K)
 Metaspace       used 50198K, capacity 51482K, committed 51712K, reserved 299008K
  class space    used 6361K, capacity 6841K, committed 6912K, reserved 253952K
}
Event: 45.444 GC heap before
{Heap before GC invocations=86 (full 0):
 garbage-first heap   total 262144K, used 226595K [0x00000000e0000000, 0x0000000100000000)
  region size 1024K, 136 young (139264K), 11 survivors (11264K)
 Metaspace       used 50199K, capacity 51482K, committed 51712K, reserved 299008K
  class space    used 6361K, capacity 6841K, committed 6912K, reserved 253952K
}
Event: 45.449 GC heap after
{Heap after GC invocations=87 (full 0):
 garbage-first heap   total 262144K, used 100373K [0x00000000e0000000, 0x0000000100000000)
  region size 1024K, 11 young (11264K), 11 survivors (11264K)
 Metaspace       used 50199K, capacity 51482K, committed 51712K, reserved 299008K
  class space    used 6361K, capacity 6841K, committed 6912K, reserved 253952K
}
Event: 45.692 GC heap before
{Heap before GC invocations=87 (full 0):
 garbage-first heap   total 262144K, used 223253K [0x00000000e0000000, 0x0000000100000000)
  region size 1024K, 131 young (134144K), 11 survivors (11264K)
 Metaspace       used 50199K, capacity 51482K, committed 51712K, reserved 299008K
  class space    used 6361K, capacity 6841K, committed 6912K, reserved 253952K
}
Event: 45.696 GC heap after
{Heap after GC invocations=88 (full 0):
 garbage-first heap   total 262144K, used 101660K [0x00000000e0000000, 0x0000000100000000)
  region size 1024K, 10 young (10240K), 10 survivors (10240K)
 Metaspace       used 50199K, capacity 51482K, committed 51712K, reserved 299008K
  class space    used 6361K, capacity 6841K, committed 6912K, reserved 253952K
}
Event: 46.313 GC heap before
{Heap before GC invocations=88 (full 0):
 garbage-first heap   total 262144K, used 216348K [0x00000000e0000000, 0x0000000100000000)
  region size 1024K, 101 young (103424K), 10 survivors (10240K)
 Metaspace       used 51200K, capacity 52741K, committed 53120K, reserved 301056K
  class space    used 6448K, capacity 6954K, committed 7040K, reserved 253952K
}
Event: 46.318 GC heap after
{Heap after GC invocations=89 (full 0):
 garbage-first heap   total 262144K, used 120759K [0x00000000e0000000, 0x0000000100000000)
  region size 1024K, 8 young (8192K), 8 survivors (8192K)
 Metaspace       used 51200K, capacity 52741K, committed 53120K, reserved 301056K
  class space    used 6448K, capacity 6954K, committed 7040K, reserved 253952K
}

Deoptimization events (20 events):
Event: 48.729 Thread 0x0000028b41eba800 Uncommon trap: trap_request=0xffffffc6 fr.pc=0x0000028b33632f20 relative=0x0000000000000240
Event: 48.729 Thread 0x0000028b41eba800 Uncommon trap: reason=bimorphic_or_optimized_type_check action=maybe_recompile pc=0x0000028b33632f20 method=com.google.common.base.CharMatcher.indexIn(Ljava/lang/CharSequence;I)I @ 31 c2
Event: 48.729 Thread 0x0000028b41eba800 DEOPT PACKING pc=0x0000028b33632f20 sp=0x000000aaea7f74e0
Event: 48.729 Thread 0x0000028b41eba800 DEOPT UNPACKING pc=0x0000028b2ba8a1af sp=0x000000aaea7f7488 mode 2
Event: 48.770 Thread 0x0000028b41eba800 Uncommon trap: trap_request=0xffffffc6 fr.pc=0x0000028b33632f20 relative=0x0000000000000240
Event: 48.770 Thread 0x0000028b41eba800 Uncommon trap: reason=bimorphic_or_optimized_type_check action=maybe_recompile pc=0x0000028b33632f20 method=com.google.common.base.CharMatcher.indexIn(Ljava/lang/CharSequence;I)I @ 31 c2
Event: 48.770 Thread 0x0000028b41eba800 DEOPT PACKING pc=0x0000028b33632f20 sp=0x000000aaea7f8f60
Event: 48.770 Thread 0x0000028b41eba800 DEOPT UNPACKING pc=0x0000028b2ba8a1af sp=0x000000aaea7f8f08 mode 2
Event: 48.780 Thread 0x0000028b41eba800 Uncommon trap: trap_request=0xffffff4d fr.pc=0x0000028b3356e700 relative=0x00000000000001c0
Event: 48.780 Thread 0x0000028b41eba800 Uncommon trap: reason=unstable_if action=reinterpret pc=0x0000028b3356e700 method=java.net.URI$Parser.scan(IILjava/lang/String;)I @ 26 c2
Event: 48.780 Thread 0x0000028b41eba800 DEOPT PACKING pc=0x0000028b3356e700 sp=0x000000aaea7f8420
Event: 48.780 Thread 0x0000028b41eba800 DEOPT UNPACKING pc=0x0000028b2ba8a1af sp=0x000000aaea7f83b0 mode 2
Event: 48.780 Thread 0x0000028b41eba800 Uncommon trap: trap_request=0xffffff4d fr.pc=0x0000028b3356665c relative=0x000000000000011c
Event: 48.780 Thread 0x0000028b41eba800 Uncommon trap: reason=unstable_if action=reinterpret pc=0x0000028b3356665c method=java.net.URI.match(CJJ)Z @ 45 c2
Event: 48.780 Thread 0x0000028b41eba800 DEOPT PACKING pc=0x0000028b3356665c sp=0x000000aaea7f8190
Event: 48.780 Thread 0x0000028b41eba800 DEOPT UNPACKING pc=0x0000028b2ba8a1af sp=0x000000aaea7f80c8 mode 2
Event: 48.781 Thread 0x0000028b41eba800 Uncommon trap: trap_request=0xffffff4d fr.pc=0x0000028b33532268 relative=0x0000000000000048
Event: 48.781 Thread 0x0000028b41eba800 Uncommon trap: reason=unstable_if action=reinterpret pc=0x0000028b33532268 method=java.net.URI.match(CJJ)Z @ 19 c2
Event: 48.781 Thread 0x0000028b41eba800 DEOPT PACKING pc=0x0000028b33532268 sp=0x000000aaea7f81a0
Event: 48.781 Thread 0x0000028b41eba800 DEOPT UNPACKING pc=0x0000028b2ba8a1af sp=0x000000aaea7f8150 mode 2

Classes redefined (0 events):
No events

Internal exceptions (20 events):
Event: 48.132 Thread 0x0000028b41eba800 Exception <a 'java/lang/ClassNotFoundException'{0x00000000ee460620}: org/jetbrains/plugins/gradle/model/scala/ScalaModelCustomizer> (0x00000000ee460620) thrown at [./src/hotspot/share/classfile/systemDictionary.cpp, line 230]
Event: 48.492 Thread 0x0000028b41eba800 Exception <a 'java/lang/ClassNotFoundException'{0x00000000ed93fbe8}: org/gradle/api/internal/project/DefaultProject_DecoratedBeanInfo> (0x00000000ed93fbe8) thrown at [./src/hotspot/share/classfile/systemDictionary.cpp, line 230]
Event: 48.492 Thread 0x0000028b41eba800 Exception <a 'java/lang/ClassNotFoundException'{0x00000000ed959900}: org/gradle/api/internal/project/DefaultProjectBeanInfo> (0x00000000ed959900) thrown at [./src/hotspot/share/classfile/systemDictionary.cpp, line 230]
Event: 48.493 Thread 0x0000028b41eba800 Exception <a 'java/lang/ClassNotFoundException'{0x00000000ed973660}: org/gradle/api/internal/project/DefaultProjectCustomizer> (0x00000000ed973660) thrown at [./src/hotspot/share/classfile/systemDictionary.cpp, line 230]
Event: 48.495 Thread 0x0000028b41eba800 Exception <a 'java/lang/ClassNotFoundException'{0x00000000ed821ff8}: org/gradle/api/internal/project/DefaultProject_DecoratedCustomizer> (0x00000000ed821ff8) thrown at [./src/hotspot/share/classfile/systemDictionary.cpp, line 230]
Event: 48.628 Thread 0x0000028b41eba800 Implicit null exception at 0x0000028b335f8f74 to 0x0000028b335f9184
Event: 48.641 Thread 0x0000028b41eba800 Implicit null exception at 0x0000028b338c4ec9 to 0x0000028b338c5650
Event: 48.642 Thread 0x0000028b41eba800 Implicit null exception at 0x0000028b3391c9c5 to 0x0000028b3391cfdc
Event: 48.702 Thread 0x0000028b3f96b800 Exception <a 'sun/nio/fs/WindowsException'{0x00000000ec989588}> (0x00000000ec989588) thrown at [./src/hotspot/share/prims/jni.cpp, line 617]
Event: 48.707 Thread 0x0000028b3f96b800 Exception <a 'sun/nio/fs/WindowsException'{0x00000000ec9b75b0}> (0x00000000ec9b75b0) thrown at [./src/hotspot/share/prims/jni.cpp, line 617]
Event: 48.708 Thread 0x0000028b3f96b800 Exception <a 'sun/nio/fs/WindowsException'{0x00000000ec9b7728}> (0x00000000ec9b7728) thrown at [./src/hotspot/share/prims/jni.cpp, line 617]
Event: 48.715 Thread 0x0000028b41eba800 Exception <a 'java/lang/ClassNotFoundException'{0x00000000ec841680}: build_1egxiibc5yi9o6dznhfnsssniBeanInfo> (0x00000000ec841680) thrown at [./src/hotspot/share/classfile/systemDictionary.cpp, line 230]
Event: 48.715 Thread 0x0000028b41eba800 Exception <a 'java/lang/ClassNotFoundException'{0x00000000ec858ce0}: org/gradle/api/internal/project/ProjectScriptBeanInfo> (0x00000000ec858ce0) thrown at [./src/hotspot/share/classfile/systemDictionary.cpp, line 230]
Event: 48.715 Thread 0x0000028b41eba800 Exception <a 'java/lang/ClassNotFoundException'{0x00000000ec870510}: org/gradle/api/internal/project/ProjectScriptCustomizer> (0x00000000ec870510) thrown at [./src/hotspot/share/classfile/systemDictionary.cpp, line 230]
Event: 48.716 Thread 0x0000028b41eba800 Exception <a 'java/lang/ClassNotFoundException'{0x00000000ec88c938}: build_1egxiibc5yi9o6dznhfnsssniCustomizer> (0x00000000ec88c938) thrown at [./src/hotspot/share/classfile/systemDictionary.cpp, line 230]
Event: 48.723 Thread 0x0000028b41eba800 Exception <a 'java/lang/ClassNotFoundException'{0x00000000ec71e408}: org/gradle/plugin/use/internal/PluginRequestCollector$PluginDependenciesSpecImplBeanInfo> (0x00000000ec71e408) thrown at [./src/hotspot/share/classfile/systemDictionary.cpp, line 230]
Event: 48.723 Thread 0x0000028b41eba800 Exception <a 'java/lang/ClassNotFoundException'{0x00000000ec74e8a8}: org/gradle/plugin/use/internal/PluginRequestCollector$PluginDependenciesSpecImplCustomizer> (0x00000000ec74e8a8) thrown at [./src/hotspot/share/classfile/systemDictionary.cpp, line 230]
Event: 48.727 Thread 0x0000028b41eba800 Exception <a 'java/lang/ClassNotFoundException'{0x00000000ec7b2fc8}: org/gradle/plugin/use/internal/PluginRequestCollector$PluginDependencySpecImplBeanInfo> (0x00000000ec7b2fc8) thrown at [./src/hotspot/share/classfile/systemDictionary.cpp, line 230]
Event: 48.727 Thread 0x0000028b41eba800 Exception <a 'java/lang/ClassNotFoundException'{0x00000000ec7e2d78}: org/gradle/plugin/use/internal/PluginRequestCollector$PluginDependencySpecImplCustomizer> (0x00000000ec7e2d78) thrown at [./src/hotspot/share/classfile/systemDictionary.cpp, line 230]
Event: 48.767 Thread 0x0000028b41eba800 Exception <a 'java/lang/NoSuchMethodError'{0x00000000ec3b5d78}: 'void java.lang.invoke.DirectMethodHandle$Holder.invokeInterface(java.lang.Object, java.lang.Object)'> (0x00000000ec3b5d78) thrown at [./src/hotspot/share/interpreter/linkResolver.cpp, line 773]

Events (20 events):
Event: 48.876 loading class org/gradle/api/artifacts/VersionConstraint
Event: 48.876 loading class org/gradle/api/artifacts/VersionConstraint done
Event: 48.876 loading class org/gradle/api/internal/artifacts/ivyservice/resolveengine/graph/builder/ResolveState
Event: 48.876 loading class org/gradle/api/internal/artifacts/ivyservice/resolveengine/graph/builder/ResolveState done
Event: 48.877 loading class org/gradle/api/internal/artifacts/dependencies/DefaultResolvedVersionConstraint
Event: 48.877 loading class org/gradle/api/internal/artifacts/dependencies/DefaultResolvedVersionConstraint done
Event: 48.878 loading class org/gradle/api/internal/artifacts/ivyservice/ivyresolve/strategy/VersionRangeSelector
Event: 48.878 loading class org/gradle/api/internal/artifacts/ivyservice/ivyresolve/strategy/VersionRangeSelector done
Event: 48.879 loading class org/gradle/api/internal/artifacts/ivyservice/ivyresolve/strategy/AbstractVersionVersionSelector
Event: 48.879 loading class org/gradle/api/internal/artifacts/ivyservice/ivyresolve/strategy/AbstractVersionVersionSelector done
Event: 48.880 loading class org/gradle/api/internal/artifacts/ivyservice/ivyresolve/strategy/AbstractVersionSelector
Event: 48.880 loading class org/gradle/api/internal/artifacts/ivyservice/ivyresolve/strategy/AbstractVersionSelector done
Event: 48.881 loading class org/gradle/api/internal/artifacts/ivyservice/ivyresolve/strategy/ExactVersionSelector
Event: 48.881 loading class org/gradle/api/internal/artifacts/ivyservice/ivyresolve/strategy/ExactVersionSelector done
Event: 48.882 loading class org/gradle/api/internal/artifacts/ivyservice/ivyresolve/strategy/AbstractStringVersionSelector
Event: 48.882 loading class org/gradle/api/internal/artifacts/ivyservice/ivyresolve/strategy/AbstractStringVersionSelector done
Event: 48.882 loading class org/gradle/api/artifacts/component/ProjectComponentSelector
Event: 48.882 loading class org/gradle/api/artifacts/component/ProjectComponentSelector done
Event: 48.883 loading class org/gradle/internal/resolve/result/DefaultBuildableComponentIdResolveResult
Event: 48.883 loading class org/gradle/internal/resolve/result/DefaultBuildableComponentIdResolveResult done


Dynamic libraries:
0x00007ff795cb0000 - 0x00007ff795cbd000 	C:\Program Files\Amazon Corretto\jdk11.0.16_8\bin\java.exe
0x00007ff8c8160000 - 0x00007ff8c8369000 	C:\WINDOWS\SYSTEM32\ntdll.dll
0x00007ff8c6eb0000 - 0x00007ff8c6f6d000 	C:\WINDOWS\System32\KERNEL32.DLL
0x00007ff8c5a80000 - 0x00007ff8c5df9000 	C:\WINDOWS\System32\KERNELBASE.dll
0x00007ff8c5640000 - 0x00007ff8c5751000 	C:\WINDOWS\System32\ucrtbase.dll
0x00007ff8ade70000 - 0x00007ff8ade87000 	C:\Program Files\Amazon Corretto\jdk11.0.16_8\bin\jli.dll
0x00007ff8a6940000 - 0x00007ff8a6959000 	C:\Program Files\Amazon Corretto\jdk11.0.16_8\bin\VCRUNTIME140.dll
0x00007ff8c77a0000 - 0x00007ff8c794c000 	C:\WINDOWS\System32\USER32.dll
0x00007ff8c5820000 - 0x00007ff8c5846000 	C:\WINDOWS\System32\win32u.dll
0x00007ff8a8960000 - 0x00007ff8a8c05000 	C:\WINDOWS\WinSxS\amd64_microsoft.windows.common-controls_6595b64144ccf1df_6.0.22000.120_none_9d947278b86cc467\COMCTL32.dll
0x00007ff8c7e10000 - 0x00007ff8c7e39000 	C:\WINDOWS\System32\GDI32.dll
0x00007ff8c6e00000 - 0x00007ff8c6ea3000 	C:\WINDOWS\System32\msvcrt.dll
0x00007ff8c58f0000 - 0x00007ff8c5a02000 	C:\WINDOWS\System32\gdi32full.dll
0x00007ff8c5850000 - 0x00007ff8c58ed000 	C:\WINDOWS\System32\msvcp_win.dll
0x00007ff8c7a10000 - 0x00007ff8c7a41000 	C:\WINDOWS\System32\IMM32.DLL
0x00007ff895660000 - 0x00007ff8956fb000 	C:\Program Files\Amazon Corretto\jdk11.0.16_8\bin\msvcp140.dll
0x00007ff87de40000 - 0x00007ff87e9c4000 	C:\Program Files\Amazon Corretto\jdk11.0.16_8\bin\server\jvm.dll
0x00007ff8c7f70000 - 0x00007ff8c801e000 	C:\WINDOWS\System32\ADVAPI32.dll
0x00007ff8c7950000 - 0x00007ff8c79ee000 	C:\WINDOWS\System32\sechost.dll
0x00007ff8c7a50000 - 0x00007ff8c7b70000 	C:\WINDOWS\System32\RPCRT4.dll
0x00007ff8c6c50000 - 0x00007ff8c6c58000 	C:\WINDOWS\System32\PSAPI.DLL
0x00007ff8bba80000 - 0x00007ff8bbab3000 	C:\WINDOWS\SYSTEM32\WINMM.dll
0x00007ff8b6540000 - 0x00007ff8b6549000 	C:\WINDOWS\SYSTEM32\WSOCK32.dll
0x00007ff8bd0e0000 - 0x00007ff8bd0ea000 	C:\WINDOWS\SYSTEM32\VERSION.dll
0x00007ff8c7730000 - 0x00007ff8c779f000 	C:\WINDOWS\System32\WS2_32.dll
0x00007ff8c4830000 - 0x00007ff8c4848000 	C:\WINDOWS\SYSTEM32\kernel.appcore.dll
0x00007ff8b83a0000 - 0x00007ff8b83b0000 	C:\Program Files\Amazon Corretto\jdk11.0.16_8\bin\verify.dll
0x00007ff8c3330000 - 0x00007ff8c3551000 	C:\WINDOWS\SYSTEM32\DBGHELP.DLL
0x00007ff8b0c10000 - 0x00007ff8b0c41000 	C:\WINDOWS\SYSTEM32\dbgcore.DLL
0x00007ff8c5e00000 - 0x00007ff8c5e7f000 	C:\WINDOWS\System32\bcryptPrimitives.dll
0x00007ff8a1070000 - 0x00007ff8a1098000 	C:\Program Files\Amazon Corretto\jdk11.0.16_8\bin\java.dll
0x00007ff8a67f0000 - 0x00007ff8a67fa000 	C:\Program Files\Amazon Corretto\jdk11.0.16_8\bin\jimage.dll
0x00007ff89fe10000 - 0x00007ff89fe28000 	C:\Program Files\Amazon Corretto\jdk11.0.16_8\bin\zip.dll
0x00007ff8c6f70000 - 0x00007ff8c7728000 	C:\WINDOWS\System32\SHELL32.dll
0x00007ff8c37c0000 - 0x00007ff8c4027000 	C:\WINDOWS\SYSTEM32\windows.storage.dll
0x00007ff8c6150000 - 0x00007ff8c64c9000 	C:\WINDOWS\System32\combase.dll
0x00007ff8c3560000 - 0x00007ff8c36c6000 	C:\WINDOWS\SYSTEM32\wintypes.dll
0x00007ff8c6060000 - 0x00007ff8c614a000 	C:\WINDOWS\System32\SHCORE.dll
0x00007ff8c7b70000 - 0x00007ff8c7bcd000 	C:\WINDOWS\System32\shlwapi.dll
0x00007ff8c5570000 - 0x00007ff8c5591000 	C:\WINDOWS\SYSTEM32\profapi.dll
0x00007ff89fdd0000 - 0x00007ff89fde9000 	C:\Program Files\Amazon Corretto\jdk11.0.16_8\bin\net.dll
0x00007ff8bbe00000 - 0x00007ff8bbf0c000 	C:\WINDOWS\SYSTEM32\WINHTTP.dll
0x00007ff8c4c60000 - 0x00007ff8c4cc7000 	C:\WINDOWS\system32\mswsock.dll
0x00007ff89f8e0000 - 0x00007ff89f8f3000 	C:\Program Files\Amazon Corretto\jdk11.0.16_8\bin\nio.dll
0x00007ff8a4660000 - 0x00007ff8a4687000 	C:\Users\sntsb\.gradle\native\e1d6ef7f7dcc3fd88c89a11ec53ec762bb8ba0a96d01ffa2cd45eb1d1d8dd5c5\windows-amd64\native-platform.dll
0x00007ff894530000 - 0x00007ff894674000 	C:\Users\sntsb\.gradle\native\0d407fdbe67a94daf76414ababcb853783967236a71b16ec16e742cd7a986fd3\windows-amd64\native-platform-file-events.dll
0x00007ff8a67e0000 - 0x00007ff8a67e9000 	C:\Program Files\Amazon Corretto\jdk11.0.16_8\bin\management.dll
0x00007ff8a6640000 - 0x00007ff8a664b000 	C:\Program Files\Amazon Corretto\jdk11.0.16_8\bin\management_ext.dll
0x00007ff8c4eb0000 - 0x00007ff8c4ec8000 	C:\WINDOWS\SYSTEM32\CRYPTSP.dll
0x00007ff8c4790000 - 0x00007ff8c47c5000 	C:\WINDOWS\system32\rsaenh.dll
0x00007ff8c4d50000 - 0x00007ff8c4d79000 	C:\WINDOWS\SYSTEM32\USERENV.dll
0x00007ff8c5020000 - 0x00007ff8c5047000 	C:\WINDOWS\SYSTEM32\bcrypt.dll
0x00007ff8c4ea0000 - 0x00007ff8c4eac000 	C:\WINDOWS\SYSTEM32\CRYPTBASE.dll
0x00007ff8c43a0000 - 0x00007ff8c43cd000 	C:\WINDOWS\SYSTEM32\IPHLPAPI.DLL
0x00007ff8c7e40000 - 0x00007ff8c7e49000 	C:\WINDOWS\System32\NSI.dll
0x00007ff8bb8e0000 - 0x00007ff8bb8f9000 	C:\WINDOWS\SYSTEM32\dhcpcsvc6.DLL
0x00007ff8bc400000 - 0x00007ff8bc41e000 	C:\WINDOWS\SYSTEM32\dhcpcsvc.DLL
0x00007ff8c43d0000 - 0x00007ff8c44b8000 	C:\WINDOWS\SYSTEM32\DNSAPI.dll
0x00007ff8a5ad0000 - 0x00007ff8a5ade000 	C:\Program Files\Amazon Corretto\jdk11.0.16_8\bin\sunmscapi.dll
0x00007ff8c5e80000 - 0x00007ff8c5fe2000 	C:\WINDOWS\System32\CRYPT32.dll
0x00007ff8c4ff0000 - 0x00007ff8c5018000 	C:\WINDOWS\SYSTEM32\ncrypt.dll
0x00007ff8c4fb0000 - 0x00007ff8c4fe7000 	C:\WINDOWS\SYSTEM32\NTASN1.dll
0x00007ff89e4d0000 - 0x00007ff89e4f5000 	C:\Program Files\Amazon Corretto\jdk11.0.16_8\bin\sunec.dll

dbghelp: loaded successfully - version: 4.0.5 - missing functions: none
symbol engine: initialized successfully - sym options: 0x614 - pdb path: .;C:\Program Files\Amazon Corretto\jdk11.0.16_8\bin;C:\WINDOWS\SYSTEM32;C:\WINDOWS\WinSxS\amd64_microsoft.windows.common-controls_6595b64144ccf1df_6.0.22000.120_none_9d947278b86cc467;C:\Program Files\Amazon Corretto\jdk11.0.16_8\bin\server;C:\Users\sntsb\.gradle\native\e1d6ef7f7dcc3fd88c89a11ec53ec762bb8ba0a96d01ffa2cd45eb1d1d8dd5c5\windows-amd64;C:\Users\sntsb\.gradle\native\0d407fdbe67a94daf76414ababcb853783967236a71b16ec16e742cd7a986fd3\windows-amd64

VM Arguments:
jvm_args: --add-opens=java.base/java.util=ALL-UNNAMED --add-opens=java.base/java.lang=ALL-UNNAMED --add-opens=java.base/java.lang.invoke=ALL-UNNAMED --add-opens=java.base/java.util=ALL-UNNAMED --add-opens=java.prefs/java.util.prefs=ALL-UNNAMED --add-opens=java.prefs/java.util.prefs=ALL-UNNAMED --add-opens=java.base/java.nio.charset=ALL-UNNAMED --add-opens=java.base/java.net=ALL-UNNAMED --add-opens=java.base/java.util.concurrent.atomic=ALL-UNNAMED -XX:MaxMetaspaceSize=256m -XX:+HeapDumpOnOutOfMemoryError -Xms256m -Xmx512m -Dfile.encoding=windows-1252 -Duser.country=BR -Duser.language=pt -Duser.variant 
java_command: org.gradle.launcher.daemon.bootstrap.GradleDaemon 7.4.2
java_class_path (initial): C:\Users\sntsb\.gradle\wrapper\dists\gradle-7.4.2-bin\48ivgl02cpt2ed3fh9dbalvx8\gradle-7.4.2\lib\gradle-launcher-7.4.2.jar
Launcher Type: SUN_STANDARD

[Global flags]
     intx CICompilerCount                          = 4                                         {product} {ergonomic}
   size_t CompressedClassSpaceSize                 = 260046848                                 {product} {ergonomic}
     uint ConcGCThreads                            = 2                                         {product} {ergonomic}
     uint G1ConcRefinementThreads                  = 8                                         {product} {ergonomic}
   size_t G1HeapRegionSize                         = 1048576                                   {product} {ergonomic}
    uintx GCDrainStackTargetSize                   = 64                                        {product} {ergonomic}
     bool HeapDumpOnOutOfMemoryError               = true                                   {manageable} {command line}
   size_t InitialHeapSize                          = 268435456                                 {product} {command line}
   size_t MarkStackSize                            = 4194304                                   {product} {ergonomic}
   size_t MaxHeapSize                              = 536870912                                 {product} {command line}
   size_t MaxMetaspaceSize                         = 268435456                                 {product} {command line}
   size_t MaxNewSize                               = 321912832                                 {product} {ergonomic}
   size_t MinHeapDeltaBytes                        = 1048576                                   {product} {ergonomic}
    uintx NonNMethodCodeHeapSize                   = 5836300                                {pd product} {ergonomic}
    uintx NonProfiledCodeHeapSize                  = 122910970                              {pd product} {ergonomic}
    uintx ProfiledCodeHeapSize                     = 122910970                              {pd product} {ergonomic}
    uintx ReservedCodeCacheSize                    = 251658240                              {pd product} {ergonomic}
     bool SegmentedCodeCache                       = true                                      {product} {ergonomic}
     bool UseCompressedClassPointers               = true                                 {lp64_product} {ergonomic}
     bool UseCompressedOops                        = true                                 {lp64_product} {ergonomic}
     bool UseG1GC                                  = true                                      {product} {ergonomic}
     bool UseLargePagesIndividualAllocation        = false                                  {pd product} {ergonomic}

Logging:
Log output configuration:
 #0: stdout all=warning uptime,level,tags
 #1: stderr all=off uptime,level,tags

Environment Variables:
JAVA_HOME=C:\Program Files\Amazon Corretto\jdk11.0.16_8
PATH=C:\Program Files\Amazon Corretto\jdk11.0.16_8\bin;C:\Python310\Scripts\;C:\Python310\;C:\Program Files (x86)\Common Files\Oracle\Java\javapath;C:\WINDOWS\system32;C:\WINDOWS;C:\WINDOWS\System32\Wbem;C:\WINDOWS\System32\WindowsPowerShell\v1.0\;C:\WINDOWS\System32\OpenSSH\;C:\ProgramData\chocolatey\bin;D:\Arquiv\Git\cmd;D:\Arquivos de Programas\Git\cmd;C:\Program Files\GitHub CLI\;D:\Arquivos de Programas\Git\mingw64\libexec\git-core;D:\Arquivos de Programas\Git;D:\Arquivos de Programas\Calibre2\;D:\Arquiv\nodejs\;C:\Program Files\Microsoft SQL Server\130\Tools\Binn\;C:\Program Files\Microsoft SQL Server\Client SDK\ODBC\170\Tools\Binn\;C:\Program Files\MySQL\MySQL Shell 8.0\bin\;C:\Users\sntsb\AppData\Local\Microsoft\WindowsApps;D:\Arquivos de Programas\MiKTeX\miktex\bin\x64\;C:\Users\sntsb\AppData\Local\JetBrains\Toolbox\scripts;C:\Users\sntsb\AppData\Roaming\npm;C:\Users\sntsb\AppData\Local\Programs\Microsoft VS Code\bin
USERNAME=sntsb
OS=Windows_NT
PROCESSOR_IDENTIFIER=Intel64 Family 6 Model 142 Stepping 10, GenuineIntel
TMP=C:\Users\sntsb\AppData\Local\Temp
TEMP=C:\Users\sntsb\AppData\Local\Temp



---------------  S Y S T E M  ---------------

OS: Windows 11 , 64 bit Build 22000 (10.0.22000.708)
OS uptime: 0 days 8:42 hours

CPU:total 8 (initial active 8) (4 cores per cpu, 2 threads per core) family 6 model 142 stepping 10 microcode 0xe0, cmov, cx8, fxsr, mmx, sse, sse2, sse3, ssse3, sse4.1, sse4.2, popcnt, avx, avx2, aes, clmul, erms, 3dnowpref, lzcnt, ht, tsc, tscinvbit, bmi1, bmi2, adx, fma

Memory: 4k page, system-wide physical 8102M (1605M free)
TotalPageFile size 32678M (AvailPageFile size 22M)
current process WorkingSet (physical memory assigned to process): 472M, peak: 491M
current process commit charge ("private bytes"): 512M, peak: 529M

vm_info: OpenJDK 64-Bit Server VM (11.0.16+8-LTS) for windows-amd64 JRE (11.0.16+8-LTS), built on Jul 17 2022 01:39:49 by "Administrator" with MS VC++ 15.9 (VS2017)

END.
